16-Jul-2018 21:19:13.947 INFO [main] org.apache.catalina.startup.VersionLoggerListener.log Server version:        Apache Tomcat/9.0.10
16-Jul-2018 21:19:13.953 INFO [main] org.apache.catalina.startup.VersionLoggerListener.log Server built:          Jun 20 2018 17:32:21 UTC
16-Jul-2018 21:19:13.953 INFO [main] org.apache.catalina.startup.VersionLoggerListener.log Server number:         9.0.10.0
16-Jul-2018 21:19:13.953 INFO [main] org.apache.catalina.startup.VersionLoggerListener.log OS Name:               Mac OS X
16-Jul-2018 21:19:13.954 INFO [main] org.apache.catalina.startup.VersionLoggerListener.log OS Version:            10.9.5
16-Jul-2018 21:19:13.954 INFO [main] org.apache.catalina.startup.VersionLoggerListener.log Architecture:          x86_64
16-Jul-2018 21:19:13.954 INFO [main] org.apache.catalina.startup.VersionLoggerListener.log Java Home:             /Library/Java/JavaVirtualMachines/jdk1.8.0_172.jdk/Contents/Home/jre
16-Jul-2018 21:19:13.954 INFO [main] org.apache.catalina.startup.VersionLoggerListener.log JVM Version:           1.8.0_172-b11
16-Jul-2018 21:19:13.954 INFO [main] org.apache.catalina.startup.VersionLoggerListener.log JVM Vendor:            Oracle Corporation
16-Jul-2018 21:19:13.954 INFO [main] org.apache.catalina.startup.VersionLoggerListener.log CATALINA_BASE:         /Users/stevenho/Desktop/apache-tomcat-9.0.10
16-Jul-2018 21:19:13.955 INFO [main] org.apache.catalina.startup.VersionLoggerListener.log CATALINA_HOME:         /Users/stevenho/Desktop/apache-tomcat-9.0.10
16-Jul-2018 21:19:13.955 INFO [main] org.apache.catalina.startup.VersionLoggerListener.log Command line argument: -Djava.util.logging.config.file=/Users/stevenho/Desktop/apache-tomcat-9.0.10/conf/logging.properties
16-Jul-2018 21:19:13.955 INFO [main] org.apache.catalina.startup.VersionLoggerListener.log Command line argument: -Djava.util.logging.manager=org.apache.juli.ClassLoaderLogManager
16-Jul-2018 21:19:13.955 INFO [main] org.apache.catalina.startup.VersionLoggerListener.log Command line argument: -Djdk.tls.ephemeralDHKeySize=2048
16-Jul-2018 21:19:13.956 INFO [main] org.apache.catalina.startup.VersionLoggerListener.log Command line argument: -Djava.protocol.handler.pkgs=org.apache.catalina.webresources
16-Jul-2018 21:19:13.956 INFO [main] org.apache.catalina.startup.VersionLoggerListener.log Command line argument: -Dorg.apache.catalina.security.SecurityListener.UMASK=0027
16-Jul-2018 21:19:13.956 INFO [main] org.apache.catalina.startup.VersionLoggerListener.log Command line argument: -Dignore.endorsed.dirs=
16-Jul-2018 21:19:13.956 INFO [main] org.apache.catalina.startup.VersionLoggerListener.log Command line argument: -Dcatalina.base=/Users/stevenho/Desktop/apache-tomcat-9.0.10
16-Jul-2018 21:19:13.956 INFO [main] org.apache.catalina.startup.VersionLoggerListener.log Command line argument: -Dcatalina.home=/Users/stevenho/Desktop/apache-tomcat-9.0.10
16-Jul-2018 21:19:13.956 INFO [main] org.apache.catalina.startup.VersionLoggerListener.log Command line argument: -Djava.io.tmpdir=/Users/stevenho/Desktop/apache-tomcat-9.0.10/temp
16-Jul-2018 21:19:13.956 INFO [main] org.apache.catalina.core.AprLifecycleListener.lifecycleEvent The APR based Apache Tomcat Native library which allows optimal performance in production environments was not found on the java.library.path: [/Users/stevenho/Library/Java/Extensions:/Library/Java/Extensions:/Network/Library/Java/Extensions:/System/Library/Java/Extensions:/usr/lib/java:.]
16-Jul-2018 21:19:14.208 INFO [main] org.apache.coyote.AbstractProtocol.init Initializing ProtocolHandler ["http-nio-8080"]
16-Jul-2018 21:19:14.236 INFO [main] org.apache.tomcat.util.net.NioSelectorPool.getSharedSelector Using a shared selector for servlet write/read
16-Jul-2018 21:19:14.252 INFO [main] org.apache.coyote.AbstractProtocol.init Initializing ProtocolHandler ["ajp-nio-8009"]
16-Jul-2018 21:19:14.253 INFO [main] org.apache.tomcat.util.net.NioSelectorPool.getSharedSelector Using a shared selector for servlet write/read
16-Jul-2018 21:19:14.273 INFO [main] org.apache.catalina.startup.Catalina.load Initialization processed in 2075 ms
16-Jul-2018 21:19:14.335 INFO [main] org.apache.catalina.core.StandardService.startInternal Starting service [Catalina]
16-Jul-2018 21:19:14.335 INFO [main] org.apache.catalina.core.StandardEngine.startInternal Starting Servlet Engine: Apache Tomcat/9.0.10
16-Jul-2018 21:19:14.440 INFO [main] org.apache.catalina.startup.HostConfig.deployWAR Deploying web application archive [/Users/stevenho/Desktop/apache-tomcat-9.0.10/webapps/philosophy.war]
16-Jul-2018 21:19:14.486 INFO [main] org.apache.catalina.startup.ExpandWar.expand An expanded directory [/Users/stevenho/Desktop/apache-tomcat-9.0.10/webapps/philosophy] was found with a last modified time that did not match the associated WAR. It will be deleted.
16-Jul-2018 21:19:18.813 INFO [main] org.apache.jasper.servlet.TldScanner.scanJars At least one JAR was scanned for TLDs yet contained no TLDs. Enable debug logging for this logger for a complete list of JARs that were scanned but no TLDs were found in them. Skipping unneeded JARs during scanning can improve startup time and JSP compilation time.
16-Jul-2018 21:19:23.682 INFO [main] org.apache.catalina.startup.HostConfig.deployWAR Deployment of web application archive [/Users/stevenho/Desktop/apache-tomcat-9.0.10/webapps/philosophy.war] has finished in [9,240] ms
16-Jul-2018 21:19:23.698 INFO [main] org.apache.catalina.startup.HostConfig.deployDirectory Deploying web application directory [/Users/stevenho/Desktop/apache-tomcat-9.0.10/webapps/docs]
16-Jul-2018 21:19:23.812 INFO [main] org.apache.catalina.startup.HostConfig.deployDirectory Deployment of web application directory [/Users/stevenho/Desktop/apache-tomcat-9.0.10/webapps/docs] has finished in [114] ms
16-Jul-2018 21:19:23.812 INFO [main] org.apache.catalina.startup.HostConfig.deployDirectory Deploying web application directory [/Users/stevenho/Desktop/apache-tomcat-9.0.10/webapps/examples]
16-Jul-2018 21:19:25.739 INFO [main] org.apache.catalina.startup.HostConfig.deployDirectory Deployment of web application directory [/Users/stevenho/Desktop/apache-tomcat-9.0.10/webapps/examples] has finished in [1,927] ms
16-Jul-2018 21:19:25.754 INFO [main] org.apache.catalina.startup.HostConfig.deployDirectory Deploying web application directory [/Users/stevenho/Desktop/apache-tomcat-9.0.10/webapps/host-manager]
16-Jul-2018 21:19:25.920 INFO [main] org.apache.catalina.startup.HostConfig.deployDirectory Deployment of web application directory [/Users/stevenho/Desktop/apache-tomcat-9.0.10/webapps/host-manager] has finished in [167] ms
16-Jul-2018 21:19:25.921 INFO [main] org.apache.catalina.startup.HostConfig.deployDirectory Deploying web application directory [/Users/stevenho/Desktop/apache-tomcat-9.0.10/webapps/manager]
16-Jul-2018 21:19:26.101 INFO [main] org.apache.catalina.startup.HostConfig.deployDirectory Deployment of web application directory [/Users/stevenho/Desktop/apache-tomcat-9.0.10/webapps/manager] has finished in [179] ms
16-Jul-2018 21:19:26.101 INFO [main] org.apache.catalina.startup.HostConfig.deployDirectory Deploying web application directory [/Users/stevenho/Desktop/apache-tomcat-9.0.10/webapps/ROOT]
16-Jul-2018 21:19:26.194 INFO [main] org.apache.catalina.startup.HostConfig.deployDirectory Deployment of web application directory [/Users/stevenho/Desktop/apache-tomcat-9.0.10/webapps/ROOT] has finished in [93] ms
16-Jul-2018 21:19:26.203 INFO [main] org.apache.coyote.AbstractProtocol.start Starting ProtocolHandler ["http-nio-8080"]
16-Jul-2018 21:19:26.256 INFO [main] org.apache.coyote.AbstractProtocol.start Starting ProtocolHandler ["ajp-nio-8009"]
16-Jul-2018 21:19:26.314 INFO [main] org.apache.catalina.startup.Catalina.start Server startup in 12039 ms
16-Jul-2018 21:20:26.281 INFO [main] org.apache.catalina.core.StandardServer.await A valid shutdown command was received via the shutdown port. Stopping the Server instance.
16-Jul-2018 21:20:26.281 INFO [main] org.apache.coyote.AbstractProtocol.pause Pausing ProtocolHandler ["http-nio-8080"]
16-Jul-2018 21:20:28.284 INFO [main] org.apache.coyote.AbstractProtocol.pause Pausing ProtocolHandler ["ajp-nio-8009"]
16-Jul-2018 21:20:30.286 INFO [main] org.apache.catalina.core.StandardService.stopInternal Stopping service [Catalina]
16-Jul-2018 21:20:30.364 WARNING [main] org.apache.catalina.loader.WebappClassLoaderBase.clearReferencesJdbc The web application [philosophy] registered the JDBC driver [org.apache.derby.jdbc.AutoloadedDriver] but failed to unregister it when the web application was stopped. To prevent a memory leak, the JDBC Driver has been forcibly unregistered.
16-Jul-2018 21:20:30.364 WARNING [main] org.apache.catalina.loader.WebappClassLoaderBase.clearReferencesJdbc The web application [philosophy] registered the JDBC driver [org.apache.derby.jdbc.EmbeddedDriver] but failed to unregister it when the web application was stopped. To prevent a memory leak, the JDBC Driver has been forcibly unregistered.
16-Jul-2018 21:20:30.370 WARNING [main] org.apache.catalina.loader.WebappClassLoaderBase.clearReferencesThreads The web application [philosophy] appears to have started a thread named [Timer-0] but has failed to stop it. This is very likely to create a memory leak. Stack trace of thread:
 java.lang.Object.wait(Native Method)
 java.lang.Object.wait(Object.java:502)
 java.util.TimerThread.mainLoop(Timer.java:526)
 java.util.TimerThread.run(Timer.java:505)
16-Jul-2018 21:20:30.371 SEVERE [main] org.apache.catalina.loader.WebappClassLoaderBase.checkThreadLocalMapForLeaks The web application [philosophy] created a ThreadLocal with key of type [java.lang.ThreadLocal] (value [java.lang.ThreadLocal@7c129ef6]) and a value of type [org.apache.derby.iapi.services.context.ContextManager] (value [org.apache.derby.iapi.services.context.ContextManager@58faa93b]) but failed to remove it when the web application was stopped. Threads are going to be renewed over time to try and avoid a probable memory leak.
16-Jul-2018 21:20:30.372 SEVERE [main] org.apache.catalina.loader.WebappClassLoaderBase.checkThreadLocalMapForLeaks The web application [philosophy] created a ThreadLocal with key of type [java.lang.ThreadLocal] (value [java.lang.ThreadLocal@7c129ef6]) and a value of type [org.apache.derby.iapi.services.context.ContextManager] (value [org.apache.derby.iapi.services.context.ContextManager@58faa93b]) but failed to remove it when the web application was stopped. Threads are going to be renewed over time to try and avoid a probable memory leak.
16-Jul-2018 21:20:30.373 SEVERE [main] org.apache.catalina.loader.WebappClassLoaderBase.checkThreadLocalMapForLeaks The web application [philosophy] created a ThreadLocal with key of type [java.lang.ThreadLocal] (value [java.lang.ThreadLocal@7c129ef6]) and a value of type [org.apache.derby.iapi.services.context.ContextManager] (value [org.apache.derby.iapi.services.context.ContextManager@58faa93b]) but failed to remove it when the web application was stopped. Threads are going to be renewed over time to try and avoid a probable memory leak.
16-Jul-2018 21:20:30.373 SEVERE [main] org.apache.catalina.loader.WebappClassLoaderBase.checkThreadLocalMapForLeaks The web application [philosophy] created a ThreadLocal with key of type [java.lang.ThreadLocal] (value [java.lang.ThreadLocal@7c129ef6]) and a value of type [org.apache.derby.iapi.services.context.ContextManager] (value [org.apache.derby.iapi.services.context.ContextManager@58faa93b]) but failed to remove it when the web application was stopped. Threads are going to be renewed over time to try and avoid a probable memory leak.
16-Jul-2018 21:20:30.373 SEVERE [main] org.apache.catalina.loader.WebappClassLoaderBase.checkThreadLocalMapForLeaks The web application [philosophy] created a ThreadLocal with key of type [java.lang.ThreadLocal] (value [java.lang.ThreadLocal@7c129ef6]) and a value of type [org.apache.derby.iapi.services.context.ContextManager] (value [org.apache.derby.iapi.services.context.ContextManager@58faa93b]) but failed to remove it when the web application was stopped. Threads are going to be renewed over time to try and avoid a probable memory leak.
16-Jul-2018 21:20:30.375 SEVERE [main] org.apache.catalina.loader.WebappClassLoaderBase.checkThreadLocalMapForLeaks The web application [philosophy] created a ThreadLocal with key of type [java.lang.ThreadLocal] (value [java.lang.ThreadLocal@7c129ef6]) and a value of type [org.apache.derby.iapi.services.context.ContextManager] (value [org.apache.derby.iapi.services.context.ContextManager@72ab05ed]) but failed to remove it when the web application was stopped. Threads are going to be renewed over time to try and avoid a probable memory leak.
16-Jul-2018 21:20:30.410 INFO [main] org.apache.coyote.AbstractProtocol.stop Stopping ProtocolHandler ["http-nio-8080"]
16-Jul-2018 21:20:30.418 INFO [main] org.apache.coyote.AbstractProtocol.stop Stopping ProtocolHandler ["ajp-nio-8009"]
16-Jul-2018 21:20:30.445 INFO [main] org.apache.coyote.AbstractProtocol.destroy Destroying ProtocolHandler ["http-nio-8080"]
16-Jul-2018 21:20:30.449 INFO [main] org.apache.coyote.AbstractProtocol.destroy Destroying ProtocolHandler ["ajp-nio-8009"]
16-Jul-2018 21:22:11.608 INFO [main] org.apache.catalina.startup.VersionLoggerListener.log Server version:        Apache Tomcat/9.0.10
16-Jul-2018 21:22:11.610 INFO [main] org.apache.catalina.startup.VersionLoggerListener.log Server built:          Jun 20 2018 17:32:21 UTC
16-Jul-2018 21:22:11.610 INFO [main] org.apache.catalina.startup.VersionLoggerListener.log Server number:         9.0.10.0
16-Jul-2018 21:22:11.610 INFO [main] org.apache.catalina.startup.VersionLoggerListener.log OS Name:               Mac OS X
16-Jul-2018 21:22:11.610 INFO [main] org.apache.catalina.startup.VersionLoggerListener.log OS Version:            10.9.5
16-Jul-2018 21:22:11.610 INFO [main] org.apache.catalina.startup.VersionLoggerListener.log Architecture:          x86_64
16-Jul-2018 21:22:11.610 INFO [main] org.apache.catalina.startup.VersionLoggerListener.log Java Home:             /Library/Java/JavaVirtualMachines/jdk1.8.0_172.jdk/Contents/Home/jre
16-Jul-2018 21:22:11.610 INFO [main] org.apache.catalina.startup.VersionLoggerListener.log JVM Version:           1.8.0_172-b11
16-Jul-2018 21:22:11.611 INFO [main] org.apache.catalina.startup.VersionLoggerListener.log JVM Vendor:            Oracle Corporation
16-Jul-2018 21:22:11.611 INFO [main] org.apache.catalina.startup.VersionLoggerListener.log CATALINA_BASE:         /Users/stevenho/Documents/workspace/philosophy/apache-tomcat-9.0.10
16-Jul-2018 21:22:11.611 INFO [main] org.apache.catalina.startup.VersionLoggerListener.log CATALINA_HOME:         /Users/stevenho/Documents/workspace/philosophy/apache-tomcat-9.0.10
16-Jul-2018 21:22:11.611 INFO [main] org.apache.catalina.startup.VersionLoggerListener.log Command line argument: -Djava.util.logging.config.file=/Users/stevenho/Documents/workspace/philosophy/apache-tomcat-9.0.10/conf/logging.properties
16-Jul-2018 21:22:11.612 INFO [main] org.apache.catalina.startup.VersionLoggerListener.log Command line argument: -Djava.util.logging.manager=org.apache.juli.ClassLoaderLogManager
16-Jul-2018 21:22:11.612 INFO [main] org.apache.catalina.startup.VersionLoggerListener.log Command line argument: -Djdk.tls.ephemeralDHKeySize=2048
16-Jul-2018 21:22:11.612 INFO [main] org.apache.catalina.startup.VersionLoggerListener.log Command line argument: -Djava.protocol.handler.pkgs=org.apache.catalina.webresources
16-Jul-2018 21:22:11.612 INFO [main] org.apache.catalina.startup.VersionLoggerListener.log Command line argument: -Dorg.apache.catalina.security.SecurityListener.UMASK=0027
16-Jul-2018 21:22:11.612 INFO [main] org.apache.catalina.startup.VersionLoggerListener.log Command line argument: -Dignore.endorsed.dirs=
16-Jul-2018 21:22:11.613 INFO [main] org.apache.catalina.startup.VersionLoggerListener.log Command line argument: -Dcatalina.base=/Users/stevenho/Documents/workspace/philosophy/apache-tomcat-9.0.10
16-Jul-2018 21:22:11.613 INFO [main] org.apache.catalina.startup.VersionLoggerListener.log Command line argument: -Dcatalina.home=/Users/stevenho/Documents/workspace/philosophy/apache-tomcat-9.0.10
16-Jul-2018 21:22:11.613 INFO [main] org.apache.catalina.startup.VersionLoggerListener.log Command line argument: -Djava.io.tmpdir=/Users/stevenho/Documents/workspace/philosophy/apache-tomcat-9.0.10/temp
16-Jul-2018 21:22:11.613 INFO [main] org.apache.catalina.core.AprLifecycleListener.lifecycleEvent The APR based Apache Tomcat Native library which allows optimal performance in production environments was not found on the java.library.path: [/Users/stevenho/Library/Java/Extensions:/Library/Java/Extensions:/Network/Library/Java/Extensions:/System/Library/Java/Extensions:/usr/lib/java:.]
16-Jul-2018 21:22:11.801 INFO [main] org.apache.coyote.AbstractProtocol.init Initializing ProtocolHandler ["http-nio-8080"]
16-Jul-2018 21:22:11.814 INFO [main] org.apache.tomcat.util.net.NioSelectorPool.getSharedSelector Using a shared selector for servlet write/read
16-Jul-2018 21:22:11.822 INFO [main] org.apache.coyote.AbstractProtocol.init Initializing ProtocolHandler ["ajp-nio-8009"]
16-Jul-2018 21:22:11.823 INFO [main] org.apache.tomcat.util.net.NioSelectorPool.getSharedSelector Using a shared selector for servlet write/read
16-Jul-2018 21:22:11.823 INFO [main] org.apache.catalina.startup.Catalina.load Initialization processed in 643 ms
16-Jul-2018 21:22:11.854 INFO [main] org.apache.catalina.core.StandardService.startInternal Starting service [Catalina]
16-Jul-2018 21:22:11.854 INFO [main] org.apache.catalina.core.StandardEngine.startInternal Starting Servlet Engine: Apache Tomcat/9.0.10
16-Jul-2018 21:22:11.887 INFO [main] org.apache.catalina.startup.HostConfig.deployWAR Deploying web application archive [/Users/stevenho/Documents/workspace/philosophy/apache-tomcat-9.0.10/webapps/philosophy.war]
16-Jul-2018 21:22:12.777 INFO [main] org.apache.jasper.servlet.TldScanner.scanJars At least one JAR was scanned for TLDs yet contained no TLDs. Enable debug logging for this logger for a complete list of JARs that were scanned but no TLDs were found in them. Skipping unneeded JARs during scanning can improve startup time and JSP compilation time.
16-Jul-2018 21:22:13.827 INFO [main] org.apache.catalina.startup.HostConfig.deployWAR Deployment of web application archive [/Users/stevenho/Documents/workspace/philosophy/apache-tomcat-9.0.10/webapps/philosophy.war] has finished in [1,941] ms
16-Jul-2018 21:22:13.828 INFO [main] org.apache.catalina.startup.HostConfig.deployDirectory Deploying web application directory [/Users/stevenho/Documents/workspace/philosophy/apache-tomcat-9.0.10/webapps/docs]
16-Jul-2018 21:22:13.847 INFO [main] org.apache.catalina.startup.HostConfig.deployDirectory Deployment of web application directory [/Users/stevenho/Documents/workspace/philosophy/apache-tomcat-9.0.10/webapps/docs] has finished in [18] ms
16-Jul-2018 21:22:13.847 INFO [main] org.apache.catalina.startup.HostConfig.deployDirectory Deploying web application directory [/Users/stevenho/Documents/workspace/philosophy/apache-tomcat-9.0.10/webapps/examples]
16-Jul-2018 21:22:14.897 INFO [main] org.apache.catalina.startup.HostConfig.deployDirectory Deployment of web application directory [/Users/stevenho/Documents/workspace/philosophy/apache-tomcat-9.0.10/webapps/examples] has finished in [1,050] ms
16-Jul-2018 21:22:14.898 INFO [main] org.apache.catalina.startup.HostConfig.deployDirectory Deploying web application directory [/Users/stevenho/Documents/workspace/philosophy/apache-tomcat-9.0.10/webapps/host-manager]
16-Jul-2018 21:22:15.066 INFO [main] org.apache.catalina.startup.HostConfig.deployDirectory Deployment of web application directory [/Users/stevenho/Documents/workspace/philosophy/apache-tomcat-9.0.10/webapps/host-manager] has finished in [167] ms
16-Jul-2018 21:22:15.072 INFO [main] org.apache.catalina.startup.HostConfig.deployDirectory Deploying web application directory [/Users/stevenho/Documents/workspace/philosophy/apache-tomcat-9.0.10/webapps/manager]
16-Jul-2018 21:22:15.163 INFO [main] org.apache.catalina.startup.HostConfig.deployDirectory Deployment of web application directory [/Users/stevenho/Documents/workspace/philosophy/apache-tomcat-9.0.10/webapps/manager] has finished in [91] ms
16-Jul-2018 21:22:15.163 INFO [main] org.apache.catalina.startup.HostConfig.deployDirectory Deploying web application directory [/Users/stevenho/Documents/workspace/philosophy/apache-tomcat-9.0.10/webapps/ROOT]
16-Jul-2018 21:22:15.243 INFO [main] org.apache.catalina.startup.HostConfig.deployDirectory Deployment of web application directory [/Users/stevenho/Documents/workspace/philosophy/apache-tomcat-9.0.10/webapps/ROOT] has finished in [80] ms
16-Jul-2018 21:22:15.253 INFO [main] org.apache.coyote.AbstractProtocol.start Starting ProtocolHandler ["http-nio-8080"]
16-Jul-2018 21:22:15.283 INFO [main] org.apache.coyote.AbstractProtocol.start Starting ProtocolHandler ["ajp-nio-8009"]
16-Jul-2018 21:22:15.292 INFO [main] org.apache.catalina.startup.Catalina.start Server startup in 3467 ms
