11-Jul-2018 23:20:12.659 INFO [main] org.apache.catalina.startup.VersionLoggerListener.log Server version:        Apache Tomcat/9.0.10
11-Jul-2018 23:20:12.663 INFO [main] org.apache.catalina.startup.VersionLoggerListener.log Server built:          Jun 20 2018 17:32:21 UTC
11-Jul-2018 23:20:12.663 INFO [main] org.apache.catalina.startup.VersionLoggerListener.log Server number:         9.0.10.0
11-Jul-2018 23:20:12.664 INFO [main] org.apache.catalina.startup.VersionLoggerListener.log OS Name:               Mac OS X
11-Jul-2018 23:20:12.664 INFO [main] org.apache.catalina.startup.VersionLoggerListener.log OS Version:            10.9.5
11-Jul-2018 23:20:12.664 INFO [main] org.apache.catalina.startup.VersionLoggerListener.log Architecture:          x86_64
11-Jul-2018 23:20:12.664 INFO [main] org.apache.catalina.startup.VersionLoggerListener.log Java Home:             /Library/Java/JavaVirtualMachines/jdk1.8.0_172.jdk/Contents/Home/jre
11-Jul-2018 23:20:12.664 INFO [main] org.apache.catalina.startup.VersionLoggerListener.log JVM Version:           1.8.0_172-b11
11-Jul-2018 23:20:12.664 INFO [main] org.apache.catalina.startup.VersionLoggerListener.log JVM Vendor:            Oracle Corporation
11-Jul-2018 23:20:12.664 INFO [main] org.apache.catalina.startup.VersionLoggerListener.log CATALINA_BASE:         /Users/stevenho/Desktop/apache-tomcat-9.0.10
11-Jul-2018 23:20:12.664 INFO [main] org.apache.catalina.startup.VersionLoggerListener.log CATALINA_HOME:         /Users/stevenho/Desktop/apache-tomcat-9.0.10
11-Jul-2018 23:20:12.666 INFO [main] org.apache.catalina.startup.VersionLoggerListener.log Command line argument: -Djava.util.logging.config.file=/Users/stevenho/Desktop/apache-tomcat-9.0.10/conf/logging.properties
11-Jul-2018 23:20:12.666 INFO [main] org.apache.catalina.startup.VersionLoggerListener.log Command line argument: -Djava.util.logging.manager=org.apache.juli.ClassLoaderLogManager
11-Jul-2018 23:20:12.666 INFO [main] org.apache.catalina.startup.VersionLoggerListener.log Command line argument: -Djdk.tls.ephemeralDHKeySize=2048
11-Jul-2018 23:20:12.666 INFO [main] org.apache.catalina.startup.VersionLoggerListener.log Command line argument: -Djava.protocol.handler.pkgs=org.apache.catalina.webresources
11-Jul-2018 23:20:12.666 INFO [main] org.apache.catalina.startup.VersionLoggerListener.log Command line argument: -Dorg.apache.catalina.security.SecurityListener.UMASK=0027
11-Jul-2018 23:20:12.667 INFO [main] org.apache.catalina.startup.VersionLoggerListener.log Command line argument: -Dignore.endorsed.dirs=
11-Jul-2018 23:20:12.667 INFO [main] org.apache.catalina.startup.VersionLoggerListener.log Command line argument: -Dcatalina.base=/Users/stevenho/Desktop/apache-tomcat-9.0.10
11-Jul-2018 23:20:12.667 INFO [main] org.apache.catalina.startup.VersionLoggerListener.log Command line argument: -Dcatalina.home=/Users/stevenho/Desktop/apache-tomcat-9.0.10
11-Jul-2018 23:20:12.667 INFO [main] org.apache.catalina.startup.VersionLoggerListener.log Command line argument: -Djava.io.tmpdir=/Users/stevenho/Desktop/apache-tomcat-9.0.10/temp
11-Jul-2018 23:20:12.667 INFO [main] org.apache.catalina.core.AprLifecycleListener.lifecycleEvent The APR based Apache Tomcat Native library which allows optimal performance in production environments was not found on the java.library.path: [/Users/stevenho/Library/Java/Extensions:/Library/Java/Extensions:/Network/Library/Java/Extensions:/System/Library/Java/Extensions:/usr/lib/java:.]
11-Jul-2018 23:20:12.886 INFO [main] org.apache.coyote.AbstractProtocol.init Initializing ProtocolHandler ["http-nio-8080"]
11-Jul-2018 23:20:12.903 INFO [main] org.apache.tomcat.util.net.NioSelectorPool.getSharedSelector Using a shared selector for servlet write/read
11-Jul-2018 23:20:12.912 INFO [main] org.apache.coyote.AbstractProtocol.init Initializing ProtocolHandler ["ajp-nio-8009"]
11-Jul-2018 23:20:12.914 INFO [main] org.apache.tomcat.util.net.NioSelectorPool.getSharedSelector Using a shared selector for servlet write/read
11-Jul-2018 23:20:12.914 INFO [main] org.apache.catalina.startup.Catalina.load Initialization processed in 675 ms
11-Jul-2018 23:20:12.944 INFO [main] org.apache.catalina.core.StandardService.startInternal Starting service [Catalina]
11-Jul-2018 23:20:12.944 INFO [main] org.apache.catalina.core.StandardEngine.startInternal Starting Servlet Engine: Apache Tomcat/9.0.10
11-Jul-2018 23:20:12.964 INFO [main] org.apache.catalina.startup.HostConfig.deployDirectory Deploying web application directory [/Users/stevenho/Desktop/apache-tomcat-9.0.10/webapps/docs]
11-Jul-2018 23:20:13.325 INFO [main] org.apache.catalina.startup.HostConfig.deployDirectory Deployment of web application directory [/Users/stevenho/Desktop/apache-tomcat-9.0.10/webapps/docs] has finished in [361] ms
11-Jul-2018 23:20:13.326 INFO [main] org.apache.catalina.startup.HostConfig.deployDirectory Deploying web application directory [/Users/stevenho/Desktop/apache-tomcat-9.0.10/webapps/examples]
11-Jul-2018 23:20:14.212 INFO [main] org.apache.catalina.startup.HostConfig.deployDirectory Deployment of web application directory [/Users/stevenho/Desktop/apache-tomcat-9.0.10/webapps/examples] has finished in [886] ms
11-Jul-2018 23:20:14.212 INFO [main] org.apache.catalina.startup.HostConfig.deployDirectory Deploying web application directory [/Users/stevenho/Desktop/apache-tomcat-9.0.10/webapps/host-manager]
11-Jul-2018 23:20:14.247 INFO [main] org.apache.catalina.startup.HostConfig.deployDirectory Deployment of web application directory [/Users/stevenho/Desktop/apache-tomcat-9.0.10/webapps/host-manager] has finished in [34] ms
11-Jul-2018 23:20:14.247 INFO [main] org.apache.catalina.startup.HostConfig.deployDirectory Deploying web application directory [/Users/stevenho/Desktop/apache-tomcat-9.0.10/webapps/manager]
11-Jul-2018 23:20:14.286 INFO [main] org.apache.catalina.startup.HostConfig.deployDirectory Deployment of web application directory [/Users/stevenho/Desktop/apache-tomcat-9.0.10/webapps/manager] has finished in [39] ms
11-Jul-2018 23:20:14.286 INFO [main] org.apache.catalina.startup.HostConfig.deployDirectory Deploying web application directory [/Users/stevenho/Desktop/apache-tomcat-9.0.10/webapps/ROOT]
11-Jul-2018 23:20:14.310 INFO [main] org.apache.catalina.startup.HostConfig.deployDirectory Deployment of web application directory [/Users/stevenho/Desktop/apache-tomcat-9.0.10/webapps/ROOT] has finished in [24] ms
11-Jul-2018 23:20:14.314 INFO [main] org.apache.coyote.AbstractProtocol.start Starting ProtocolHandler ["http-nio-8080"]
11-Jul-2018 23:20:14.321 INFO [main] org.apache.coyote.AbstractProtocol.start Starting ProtocolHandler ["ajp-nio-8009"]
11-Jul-2018 23:20:14.323 INFO [main] org.apache.catalina.startup.Catalina.start Server startup in 1408 ms
11-Jul-2018 23:21:34.342 INFO [ContainerBackgroundProcessor[StandardEngine[Catalina]]] org.apache.catalina.startup.HostConfig.deployWAR Deploying web application archive [/Users/stevenho/Desktop/apache-tomcat-9.0.10/webapps/philosophy.war]
11-Jul-2018 23:21:34.396 INFO [ContainerBackgroundProcessor[StandardEngine[Catalina]]] org.apache.catalina.startup.HostConfig.deployWAR Deployment of web application archive [/Users/stevenho/Desktop/apache-tomcat-9.0.10/webapps/philosophy.war] has finished in [54] ms
11-Jul-2018 23:22:32.283 INFO [main] org.apache.catalina.core.StandardServer.await A valid shutdown command was received via the shutdown port. Stopping the Server instance.
11-Jul-2018 23:22:32.284 INFO [main] org.apache.coyote.AbstractProtocol.pause Pausing ProtocolHandler ["http-nio-8080"]
11-Jul-2018 23:22:32.339 INFO [main] org.apache.coyote.AbstractProtocol.pause Pausing ProtocolHandler ["ajp-nio-8009"]
11-Jul-2018 23:22:32.392 INFO [main] org.apache.catalina.core.StandardService.stopInternal Stopping service [Catalina]
11-Jul-2018 23:22:32.427 INFO [main] org.apache.coyote.AbstractProtocol.stop Stopping ProtocolHandler ["http-nio-8080"]
11-Jul-2018 23:22:32.429 INFO [main] org.apache.coyote.AbstractProtocol.stop Stopping ProtocolHandler ["ajp-nio-8009"]
11-Jul-2018 23:22:32.430 INFO [main] org.apache.coyote.AbstractProtocol.destroy Destroying ProtocolHandler ["http-nio-8080"]
11-Jul-2018 23:22:32.431 INFO [main] org.apache.coyote.AbstractProtocol.destroy Destroying ProtocolHandler ["ajp-nio-8009"]
11-Jul-2018 23:22:36.723 INFO [main] org.apache.catalina.startup.VersionLoggerListener.log Server version:        Apache Tomcat/9.0.10
11-Jul-2018 23:22:36.725 INFO [main] org.apache.catalina.startup.VersionLoggerListener.log Server built:          Jun 20 2018 17:32:21 UTC
11-Jul-2018 23:22:36.725 INFO [main] org.apache.catalina.startup.VersionLoggerListener.log Server number:         9.0.10.0
11-Jul-2018 23:22:36.725 INFO [main] org.apache.catalina.startup.VersionLoggerListener.log OS Name:               Mac OS X
11-Jul-2018 23:22:36.725 INFO [main] org.apache.catalina.startup.VersionLoggerListener.log OS Version:            10.9.5
11-Jul-2018 23:22:36.726 INFO [main] org.apache.catalina.startup.VersionLoggerListener.log Architecture:          x86_64
11-Jul-2018 23:22:36.726 INFO [main] org.apache.catalina.startup.VersionLoggerListener.log Java Home:             /Library/Java/JavaVirtualMachines/jdk1.8.0_172.jdk/Contents/Home/jre
11-Jul-2018 23:22:36.726 INFO [main] org.apache.catalina.startup.VersionLoggerListener.log JVM Version:           1.8.0_172-b11
11-Jul-2018 23:22:36.726 INFO [main] org.apache.catalina.startup.VersionLoggerListener.log JVM Vendor:            Oracle Corporation
11-Jul-2018 23:22:36.726 INFO [main] org.apache.catalina.startup.VersionLoggerListener.log CATALINA_BASE:         /Users/stevenho/Desktop/apache-tomcat-9.0.10
11-Jul-2018 23:22:36.726 INFO [main] org.apache.catalina.startup.VersionLoggerListener.log CATALINA_HOME:         /Users/stevenho/Desktop/apache-tomcat-9.0.10
11-Jul-2018 23:22:36.727 INFO [main] org.apache.catalina.startup.VersionLoggerListener.log Command line argument: -Djava.util.logging.config.file=/Users/stevenho/Desktop/apache-tomcat-9.0.10/conf/logging.properties
11-Jul-2018 23:22:36.727 INFO [main] org.apache.catalina.startup.VersionLoggerListener.log Command line argument: -Djava.util.logging.manager=org.apache.juli.ClassLoaderLogManager
11-Jul-2018 23:22:36.727 INFO [main] org.apache.catalina.startup.VersionLoggerListener.log Command line argument: -Djdk.tls.ephemeralDHKeySize=2048
11-Jul-2018 23:22:36.727 INFO [main] org.apache.catalina.startup.VersionLoggerListener.log Command line argument: -Djava.protocol.handler.pkgs=org.apache.catalina.webresources
11-Jul-2018 23:22:36.727 INFO [main] org.apache.catalina.startup.VersionLoggerListener.log Command line argument: -Dorg.apache.catalina.security.SecurityListener.UMASK=0027
11-Jul-2018 23:22:36.727 INFO [main] org.apache.catalina.startup.VersionLoggerListener.log Command line argument: -Dignore.endorsed.dirs=
11-Jul-2018 23:22:36.727 INFO [main] org.apache.catalina.startup.VersionLoggerListener.log Command line argument: -Dcatalina.base=/Users/stevenho/Desktop/apache-tomcat-9.0.10
11-Jul-2018 23:22:36.727 INFO [main] org.apache.catalina.startup.VersionLoggerListener.log Command line argument: -Dcatalina.home=/Users/stevenho/Desktop/apache-tomcat-9.0.10
11-Jul-2018 23:22:36.728 INFO [main] org.apache.catalina.startup.VersionLoggerListener.log Command line argument: -Djava.io.tmpdir=/Users/stevenho/Desktop/apache-tomcat-9.0.10/temp
11-Jul-2018 23:22:36.728 INFO [main] org.apache.catalina.core.AprLifecycleListener.lifecycleEvent The APR based Apache Tomcat Native library which allows optimal performance in production environments was not found on the java.library.path: [/Users/stevenho/Library/Java/Extensions:/Library/Java/Extensions:/Network/Library/Java/Extensions:/System/Library/Java/Extensions:/usr/lib/java:.]
11-Jul-2018 23:22:36.858 INFO [main] org.apache.coyote.AbstractProtocol.init Initializing ProtocolHandler ["http-nio-8080"]
11-Jul-2018 23:22:36.873 INFO [main] org.apache.tomcat.util.net.NioSelectorPool.getSharedSelector Using a shared selector for servlet write/read
11-Jul-2018 23:22:36.882 INFO [main] org.apache.coyote.AbstractProtocol.init Initializing ProtocolHandler ["ajp-nio-8009"]
11-Jul-2018 23:22:36.883 INFO [main] org.apache.tomcat.util.net.NioSelectorPool.getSharedSelector Using a shared selector for servlet write/read
11-Jul-2018 23:22:36.884 INFO [main] org.apache.catalina.startup.Catalina.load Initialization processed in 568 ms
11-Jul-2018 23:22:36.907 INFO [main] org.apache.catalina.core.StandardService.startInternal Starting service [Catalina]
11-Jul-2018 23:22:36.908 INFO [main] org.apache.catalina.core.StandardEngine.startInternal Starting Servlet Engine: Apache Tomcat/9.0.10
11-Jul-2018 23:22:36.946 INFO [main] org.apache.catalina.startup.HostConfig.deployWAR Deploying web application archive [/Users/stevenho/Desktop/apache-tomcat-9.0.10/webapps/philosophy.war]
11-Jul-2018 23:22:37.285 INFO [main] org.apache.catalina.startup.HostConfig.deployWAR Deployment of web application archive [/Users/stevenho/Desktop/apache-tomcat-9.0.10/webapps/philosophy.war] has finished in [339] ms
11-Jul-2018 23:22:37.286 INFO [main] org.apache.catalina.startup.HostConfig.deployDirectory Deploying web application directory [/Users/stevenho/Desktop/apache-tomcat-9.0.10/webapps/docs]
11-Jul-2018 23:22:37.302 INFO [main] org.apache.catalina.startup.HostConfig.deployDirectory Deployment of web application directory [/Users/stevenho/Desktop/apache-tomcat-9.0.10/webapps/docs] has finished in [15] ms
11-Jul-2018 23:22:37.302 INFO [main] org.apache.catalina.startup.HostConfig.deployDirectory Deploying web application directory [/Users/stevenho/Desktop/apache-tomcat-9.0.10/webapps/examples]
11-Jul-2018 23:22:37.560 INFO [main] org.apache.catalina.startup.HostConfig.deployDirectory Deployment of web application directory [/Users/stevenho/Desktop/apache-tomcat-9.0.10/webapps/examples] has finished in [258] ms
11-Jul-2018 23:22:37.560 INFO [main] org.apache.catalina.startup.HostConfig.deployDirectory Deploying web application directory [/Users/stevenho/Desktop/apache-tomcat-9.0.10/webapps/host-manager]
11-Jul-2018 23:22:37.586 INFO [main] org.apache.catalina.startup.HostConfig.deployDirectory Deployment of web application directory [/Users/stevenho/Desktop/apache-tomcat-9.0.10/webapps/host-manager] has finished in [26] ms
11-Jul-2018 23:22:37.586 INFO [main] org.apache.catalina.startup.HostConfig.deployDirectory Deploying web application directory [/Users/stevenho/Desktop/apache-tomcat-9.0.10/webapps/manager]
11-Jul-2018 23:22:37.609 INFO [main] org.apache.catalina.startup.HostConfig.deployDirectory Deployment of web application directory [/Users/stevenho/Desktop/apache-tomcat-9.0.10/webapps/manager] has finished in [23] ms
11-Jul-2018 23:22:37.610 INFO [main] org.apache.catalina.startup.HostConfig.deployDirectory Deploying web application directory [/Users/stevenho/Desktop/apache-tomcat-9.0.10/webapps/ROOT]
11-Jul-2018 23:22:37.625 INFO [main] org.apache.catalina.startup.HostConfig.deployDirectory Deployment of web application directory [/Users/stevenho/Desktop/apache-tomcat-9.0.10/webapps/ROOT] has finished in [15] ms
11-Jul-2018 23:22:37.629 INFO [main] org.apache.coyote.AbstractProtocol.start Starting ProtocolHandler ["http-nio-8080"]
11-Jul-2018 23:22:37.638 INFO [main] org.apache.coyote.AbstractProtocol.start Starting ProtocolHandler ["ajp-nio-8009"]
11-Jul-2018 23:22:37.641 INFO [main] org.apache.catalina.startup.Catalina.start Server startup in 757 ms
11-Jul-2018 23:25:47.906 INFO [main] org.apache.catalina.core.StandardServer.await A valid shutdown command was received via the shutdown port. Stopping the Server instance.
11-Jul-2018 23:25:47.906 INFO [main] org.apache.coyote.AbstractProtocol.pause Pausing ProtocolHandler ["http-nio-8080"]
11-Jul-2018 23:25:47.961 INFO [main] org.apache.coyote.AbstractProtocol.pause Pausing ProtocolHandler ["ajp-nio-8009"]
11-Jul-2018 23:25:48.013 INFO [main] org.apache.catalina.core.StandardService.stopInternal Stopping service [Catalina]
11-Jul-2018 23:25:48.039 INFO [main] org.apache.coyote.AbstractProtocol.stop Stopping ProtocolHandler ["http-nio-8080"]
11-Jul-2018 23:25:48.042 INFO [main] org.apache.coyote.AbstractProtocol.stop Stopping ProtocolHandler ["ajp-nio-8009"]
11-Jul-2018 23:25:48.044 INFO [main] org.apache.coyote.AbstractProtocol.destroy Destroying ProtocolHandler ["http-nio-8080"]
11-Jul-2018 23:25:48.045 INFO [main] org.apache.coyote.AbstractProtocol.destroy Destroying ProtocolHandler ["ajp-nio-8009"]
15-Jul-2018 21:25:22.161 INFO [main] org.apache.catalina.startup.VersionLoggerListener.log Server version:        Apache Tomcat/9.0.10
15-Jul-2018 21:25:22.163 INFO [main] org.apache.catalina.startup.VersionLoggerListener.log Server built:          Jun 20 2018 17:32:21 UTC
15-Jul-2018 21:25:22.163 INFO [main] org.apache.catalina.startup.VersionLoggerListener.log Server number:         9.0.10.0
15-Jul-2018 21:25:22.164 INFO [main] org.apache.catalina.startup.VersionLoggerListener.log OS Name:               Mac OS X
15-Jul-2018 21:25:22.164 INFO [main] org.apache.catalina.startup.VersionLoggerListener.log OS Version:            10.9.5
15-Jul-2018 21:25:22.164 INFO [main] org.apache.catalina.startup.VersionLoggerListener.log Architecture:          x86_64
15-Jul-2018 21:25:22.164 INFO [main] org.apache.catalina.startup.VersionLoggerListener.log Java Home:             /Library/Java/JavaVirtualMachines/jdk1.8.0_172.jdk/Contents/Home/jre
15-Jul-2018 21:25:22.164 INFO [main] org.apache.catalina.startup.VersionLoggerListener.log JVM Version:           1.8.0_172-b11
15-Jul-2018 21:25:22.164 INFO [main] org.apache.catalina.startup.VersionLoggerListener.log JVM Vendor:            Oracle Corporation
15-Jul-2018 21:25:22.164 INFO [main] org.apache.catalina.startup.VersionLoggerListener.log CATALINA_BASE:         /Users/stevenho/Desktop/apache-tomcat-9.0.10
15-Jul-2018 21:25:22.164 INFO [main] org.apache.catalina.startup.VersionLoggerListener.log CATALINA_HOME:         /Users/stevenho/Desktop/apache-tomcat-9.0.10
15-Jul-2018 21:25:22.165 INFO [main] org.apache.catalina.startup.VersionLoggerListener.log Command line argument: -Djava.util.logging.config.file=/Users/stevenho/Desktop/apache-tomcat-9.0.10/conf/logging.properties
15-Jul-2018 21:25:22.165 INFO [main] org.apache.catalina.startup.VersionLoggerListener.log Command line argument: -Djava.util.logging.manager=org.apache.juli.ClassLoaderLogManager
15-Jul-2018 21:25:22.165 INFO [main] org.apache.catalina.startup.VersionLoggerListener.log Command line argument: -Djdk.tls.ephemeralDHKeySize=2048
15-Jul-2018 21:25:22.165 INFO [main] org.apache.catalina.startup.VersionLoggerListener.log Command line argument: -Djava.protocol.handler.pkgs=org.apache.catalina.webresources
15-Jul-2018 21:25:22.165 INFO [main] org.apache.catalina.startup.VersionLoggerListener.log Command line argument: -Dorg.apache.catalina.security.SecurityListener.UMASK=0027
15-Jul-2018 21:25:22.166 INFO [main] org.apache.catalina.startup.VersionLoggerListener.log Command line argument: -Dignore.endorsed.dirs=
15-Jul-2018 21:25:22.166 INFO [main] org.apache.catalina.startup.VersionLoggerListener.log Command line argument: -Dcatalina.base=/Users/stevenho/Desktop/apache-tomcat-9.0.10
15-Jul-2018 21:25:22.166 INFO [main] org.apache.catalina.startup.VersionLoggerListener.log Command line argument: -Dcatalina.home=/Users/stevenho/Desktop/apache-tomcat-9.0.10
15-Jul-2018 21:25:22.166 INFO [main] org.apache.catalina.startup.VersionLoggerListener.log Command line argument: -Djava.io.tmpdir=/Users/stevenho/Desktop/apache-tomcat-9.0.10/temp
15-Jul-2018 21:25:22.166 INFO [main] org.apache.catalina.core.AprLifecycleListener.lifecycleEvent The APR based Apache Tomcat Native library which allows optimal performance in production environments was not found on the java.library.path: [/Users/stevenho/Library/Java/Extensions:/Library/Java/Extensions:/Network/Library/Java/Extensions:/System/Library/Java/Extensions:/usr/lib/java:.]
15-Jul-2018 21:25:22.290 INFO [main] org.apache.coyote.AbstractProtocol.init Initializing ProtocolHandler ["http-nio-8080"]
15-Jul-2018 21:25:22.302 SEVERE [main] org.apache.catalina.util.LifecycleBase.handleSubClassException Failed to initialize component [Connector[HTTP/1.1-8080]]
 org.apache.catalina.LifecycleException: Protocol handler initialization failed
	at org.apache.catalina.connector.Connector.initInternal(Connector.java:935)
	at org.apache.catalina.util.LifecycleBase.init(LifecycleBase.java:136)
	at org.apache.catalina.core.StandardService.initInternal(StandardService.java:530)
	at org.apache.catalina.util.LifecycleBase.init(LifecycleBase.java:136)
	at org.apache.catalina.core.StandardServer.initInternal(StandardServer.java:852)
	at org.apache.catalina.util.LifecycleBase.init(LifecycleBase.java:136)
	at org.apache.catalina.startup.Catalina.load(Catalina.java:633)
	at org.apache.catalina.startup.Catalina.load(Catalina.java:656)
	at sun.reflect.NativeMethodAccessorImpl.invoke0(Native Method)
	at sun.reflect.NativeMethodAccessorImpl.invoke(NativeMethodAccessorImpl.java:62)
	at sun.reflect.DelegatingMethodAccessorImpl.invoke(DelegatingMethodAccessorImpl.java:43)
	at java.lang.reflect.Method.invoke(Method.java:498)
	at org.apache.catalina.startup.Bootstrap.load(Bootstrap.java:306)
	at org.apache.catalina.startup.Bootstrap.main(Bootstrap.java:491)
Caused by: java.net.BindException: Address already in use
	at sun.nio.ch.Net.bind0(Native Method)
	at sun.nio.ch.Net.bind(Net.java:433)
	at sun.nio.ch.Net.bind(Net.java:425)
	at sun.nio.ch.ServerSocketChannelImpl.bind(ServerSocketChannelImpl.java:223)
	at sun.nio.ch.ServerSocketAdaptor.bind(ServerSocketAdaptor.java:74)
	at org.apache.tomcat.util.net.NioEndpoint.initServerSocket(NioEndpoint.java:227)
	at org.apache.tomcat.util.net.NioEndpoint.bind(NioEndpoint.java:202)
	at org.apache.tomcat.util.net.AbstractEndpoint.init(AbstractEndpoint.java:1043)
	at org.apache.coyote.AbstractProtocol.init(AbstractProtocol.java:540)
	at org.apache.coyote.http11.AbstractHttp11Protocol.init(AbstractHttp11Protocol.java:74)
	at org.apache.catalina.connector.Connector.initInternal(Connector.java:932)
	... 13 more

15-Jul-2018 21:25:22.303 INFO [main] org.apache.coyote.AbstractProtocol.init Initializing ProtocolHandler ["ajp-nio-8009"]
15-Jul-2018 21:25:22.304 SEVERE [main] org.apache.catalina.util.LifecycleBase.handleSubClassException Failed to initialize component [Connector[AJP/1.3-8009]]
 org.apache.catalina.LifecycleException: Protocol handler initialization failed
	at org.apache.catalina.connector.Connector.initInternal(Connector.java:935)
	at org.apache.catalina.util.LifecycleBase.init(LifecycleBase.java:136)
	at org.apache.catalina.core.StandardService.initInternal(StandardService.java:530)
	at org.apache.catalina.util.LifecycleBase.init(LifecycleBase.java:136)
	at org.apache.catalina.core.StandardServer.initInternal(StandardServer.java:852)
	at org.apache.catalina.util.LifecycleBase.init(LifecycleBase.java:136)
	at org.apache.catalina.startup.Catalina.load(Catalina.java:633)
	at org.apache.catalina.startup.Catalina.load(Catalina.java:656)
	at sun.reflect.NativeMethodAccessorImpl.invoke0(Native Method)
	at sun.reflect.NativeMethodAccessorImpl.invoke(NativeMethodAccessorImpl.java:62)
	at sun.reflect.DelegatingMethodAccessorImpl.invoke(DelegatingMethodAccessorImpl.java:43)
	at java.lang.reflect.Method.invoke(Method.java:498)
	at org.apache.catalina.startup.Bootstrap.load(Bootstrap.java:306)
	at org.apache.catalina.startup.Bootstrap.main(Bootstrap.java:491)
Caused by: java.net.BindException: Address already in use
	at sun.nio.ch.Net.bind0(Native Method)
	at sun.nio.ch.Net.bind(Net.java:433)
	at sun.nio.ch.Net.bind(Net.java:425)
	at sun.nio.ch.ServerSocketChannelImpl.bind(ServerSocketChannelImpl.java:223)
	at sun.nio.ch.ServerSocketAdaptor.bind(ServerSocketAdaptor.java:74)
	at org.apache.tomcat.util.net.NioEndpoint.initServerSocket(NioEndpoint.java:227)
	at org.apache.tomcat.util.net.NioEndpoint.bind(NioEndpoint.java:202)
	at org.apache.tomcat.util.net.AbstractEndpoint.init(AbstractEndpoint.java:1043)
	at org.apache.coyote.AbstractProtocol.init(AbstractProtocol.java:540)
	at org.apache.catalina.connector.Connector.initInternal(Connector.java:932)
	... 13 more

15-Jul-2018 21:25:22.305 INFO [main] org.apache.catalina.startup.Catalina.load Initialization processed in 552 ms
15-Jul-2018 21:25:22.328 INFO [main] org.apache.catalina.core.StandardService.startInternal Starting service [Catalina]
15-Jul-2018 21:25:22.329 INFO [main] org.apache.catalina.core.StandardEngine.startInternal Starting Servlet Engine: Apache Tomcat/9.0.10
15-Jul-2018 21:25:22.364 INFO [main] org.apache.catalina.startup.HostConfig.deployWAR Deploying web application archive [/Users/stevenho/Desktop/apache-tomcat-9.0.10/webapps/philosophy.war]
15-Jul-2018 21:25:22.404 INFO [main] org.apache.catalina.startup.ExpandWar.expand An expanded directory [/Users/stevenho/Desktop/apache-tomcat-9.0.10/webapps/philosophy] was found with a last modified time that did not match the associated WAR. It will be deleted.
15-Jul-2018 21:25:23.678 INFO [main] org.apache.jasper.servlet.TldScanner.scanJars At least one JAR was scanned for TLDs yet contained no TLDs. Enable debug logging for this logger for a complete list of JARs that were scanned but no TLDs were found in them. Skipping unneeded JARs during scanning can improve startup time and JSP compilation time.
SERVER INIT
15-Jul-2018 21:25:24.589 INFO [main] org.apache.catalina.startup.HostConfig.deployWAR Deployment of web application archive [/Users/stevenho/Desktop/apache-tomcat-9.0.10/webapps/philosophy.war] has finished in [2,225] ms
15-Jul-2018 21:25:24.589 INFO [main] org.apache.catalina.startup.HostConfig.deployDirectory Deploying web application directory [/Users/stevenho/Desktop/apache-tomcat-9.0.10/webapps/docs]
15-Jul-2018 21:25:24.608 INFO [main] org.apache.catalina.startup.HostConfig.deployDirectory Deployment of web application directory [/Users/stevenho/Desktop/apache-tomcat-9.0.10/webapps/docs] has finished in [18] ms
15-Jul-2018 21:25:24.608 INFO [main] org.apache.catalina.startup.HostConfig.deployDirectory Deploying web application directory [/Users/stevenho/Desktop/apache-tomcat-9.0.10/webapps/examples]
15-Jul-2018 21:25:25.706 INFO [main] org.apache.catalina.startup.HostConfig.deployDirectory Deployment of web application directory [/Users/stevenho/Desktop/apache-tomcat-9.0.10/webapps/examples] has finished in [1,098] ms
15-Jul-2018 21:25:25.710 INFO [main] org.apache.catalina.startup.HostConfig.deployDirectory Deploying web application directory [/Users/stevenho/Desktop/apache-tomcat-9.0.10/webapps/host-manager]
15-Jul-2018 21:25:25.789 INFO [main] org.apache.catalina.startup.HostConfig.deployDirectory Deployment of web application directory [/Users/stevenho/Desktop/apache-tomcat-9.0.10/webapps/host-manager] has finished in [80] ms
15-Jul-2018 21:25:25.789 INFO [main] org.apache.catalina.startup.HostConfig.deployDirectory Deploying web application directory [/Users/stevenho/Desktop/apache-tomcat-9.0.10/webapps/manager]
15-Jul-2018 21:25:25.861 INFO [main] org.apache.catalina.startup.HostConfig.deployDirectory Deployment of web application directory [/Users/stevenho/Desktop/apache-tomcat-9.0.10/webapps/manager] has finished in [72] ms
15-Jul-2018 21:25:25.861 INFO [main] org.apache.catalina.startup.HostConfig.deployDirectory Deploying web application directory [/Users/stevenho/Desktop/apache-tomcat-9.0.10/webapps/ROOT]
15-Jul-2018 21:25:25.884 INFO [main] org.apache.catalina.startup.HostConfig.deployDirectory Deployment of web application directory [/Users/stevenho/Desktop/apache-tomcat-9.0.10/webapps/ROOT] has finished in [23] ms
15-Jul-2018 21:25:25.887 INFO [main] org.apache.catalina.startup.Catalina.start Server startup in 3581 ms
15-Jul-2018 21:25:25.891 SEVERE [main] org.apache.catalina.core.StandardServer.await StandardServer.await: create[localhost:8005]: 
 java.net.BindException: Address already in use (Bind failed)
	at java.net.PlainSocketImpl.socketBind(Native Method)
	at java.net.AbstractPlainSocketImpl.bind(AbstractPlainSocketImpl.java:387)
	at java.net.ServerSocket.bind(ServerSocket.java:375)
	at java.net.ServerSocket.<init>(ServerSocket.java:237)
	at org.apache.catalina.core.StandardServer.await(StandardServer.java:422)
	at org.apache.catalina.startup.Catalina.await(Catalina.java:770)
	at org.apache.catalina.startup.Catalina.start(Catalina.java:716)
	at sun.reflect.NativeMethodAccessorImpl.invoke0(Native Method)
	at sun.reflect.NativeMethodAccessorImpl.invoke(NativeMethodAccessorImpl.java:62)
	at sun.reflect.DelegatingMethodAccessorImpl.invoke(DelegatingMethodAccessorImpl.java:43)
	at java.lang.reflect.Method.invoke(Method.java:498)
	at org.apache.catalina.startup.Bootstrap.start(Bootstrap.java:350)
	at org.apache.catalina.startup.Bootstrap.main(Bootstrap.java:492)

15-Jul-2018 21:25:25.892 INFO [main] org.apache.coyote.AbstractProtocol.pause Pausing ProtocolHandler ["http-nio-8080"]
15-Jul-2018 21:25:25.893 INFO [main] org.apache.coyote.AbstractProtocol.pause Pausing ProtocolHandler ["ajp-nio-8009"]
15-Jul-2018 21:25:25.896 INFO [main] org.apache.catalina.core.StandardService.stopInternal Stopping service [Catalina]
15-Jul-2018 21:25:25.974 WARNING [main] org.apache.catalina.loader.WebappClassLoaderBase.clearReferencesJdbc The web application [philosophy] registered the JDBC driver [org.apache.derby.jdbc.AutoloadedDriver] but failed to unregister it when the web application was stopped. To prevent a memory leak, the JDBC Driver has been forcibly unregistered.
15-Jul-2018 21:25:25.975 WARNING [main] org.apache.catalina.loader.WebappClassLoaderBase.clearReferencesJdbc The web application [philosophy] registered the JDBC driver [org.apache.derby.jdbc.EmbeddedDriver] but failed to unregister it when the web application was stopped. To prevent a memory leak, the JDBC Driver has been forcibly unregistered.
15-Jul-2018 21:25:25.978 WARNING [main] org.apache.catalina.loader.WebappClassLoaderBase.clearReferencesThreads The web application [philosophy] appears to have started a thread named [Timer-0] but has failed to stop it. This is very likely to create a memory leak. Stack trace of thread:
 java.lang.Object.wait(Native Method)
 java.lang.Object.wait(Object.java:502)
 java.util.TimerThread.mainLoop(Timer.java:526)
 java.util.TimerThread.run(Timer.java:505)
15-Jul-2018 21:25:25.979 SEVERE [main] org.apache.catalina.loader.WebappClassLoaderBase.checkThreadLocalMapForLeaks The web application [philosophy] created a ThreadLocal with key of type [java.lang.ThreadLocal] (value [java.lang.ThreadLocal@1c758545]) and a value of type [org.apache.derby.iapi.services.context.ContextManager] (value [org.apache.derby.iapi.services.context.ContextManager@5f5b5ca4]) but failed to remove it when the web application was stopped. Threads are going to be renewed over time to try and avoid a probable memory leak.
15-Jul-2018 21:25:25.980 SEVERE [main] org.apache.catalina.loader.WebappClassLoaderBase.checkThreadLocalMapForLeaks The web application [philosophy] created a ThreadLocal with key of type [java.lang.ThreadLocal] (value [java.lang.ThreadLocal@1c758545]) and a value of type [org.apache.derby.iapi.services.context.ContextManager] (value [org.apache.derby.iapi.services.context.ContextManager@5baaae4c]) but failed to remove it when the web application was stopped. Threads are going to be renewed over time to try and avoid a probable memory leak.
15-Jul-2018 21:25:25.996 INFO [main] org.apache.coyote.AbstractProtocol.stop Stopping ProtocolHandler ["http-nio-8080"]
15-Jul-2018 21:25:25.998 INFO [main] org.apache.coyote.AbstractProtocol.destroy Destroying ProtocolHandler ["http-nio-8080"]
15-Jul-2018 21:25:26.000 INFO [main] org.apache.coyote.AbstractProtocol.stop Stopping ProtocolHandler ["ajp-nio-8009"]
15-Jul-2018 21:25:26.001 INFO [main] org.apache.coyote.AbstractProtocol.destroy Destroying ProtocolHandler ["ajp-nio-8009"]
16-Jul-2018 21:19:13.947 INFO [main] org.apache.catalina.startup.VersionLoggerListener.log Server version:        Apache Tomcat/9.0.10
16-Jul-2018 21:19:13.953 INFO [main] org.apache.catalina.startup.VersionLoggerListener.log Server built:          Jun 20 2018 17:32:21 UTC
16-Jul-2018 21:19:13.953 INFO [main] org.apache.catalina.startup.VersionLoggerListener.log Server number:         9.0.10.0
16-Jul-2018 21:19:13.953 INFO [main] org.apache.catalina.startup.VersionLoggerListener.log OS Name:               Mac OS X
16-Jul-2018 21:19:13.954 INFO [main] org.apache.catalina.startup.VersionLoggerListener.log OS Version:            10.9.5
16-Jul-2018 21:19:13.954 INFO [main] org.apache.catalina.startup.VersionLoggerListener.log Architecture:          x86_64
16-Jul-2018 21:19:13.954 INFO [main] org.apache.catalina.startup.VersionLoggerListener.log Java Home:             /Library/Java/JavaVirtualMachines/jdk1.8.0_172.jdk/Contents/Home/jre
16-Jul-2018 21:19:13.954 INFO [main] org.apache.catalina.startup.VersionLoggerListener.log JVM Version:           1.8.0_172-b11
16-Jul-2018 21:19:13.954 INFO [main] org.apache.catalina.startup.VersionLoggerListener.log JVM Vendor:            Oracle Corporation
16-Jul-2018 21:19:13.954 INFO [main] org.apache.catalina.startup.VersionLoggerListener.log CATALINA_BASE:         /Users/stevenho/Desktop/apache-tomcat-9.0.10
16-Jul-2018 21:19:13.955 INFO [main] org.apache.catalina.startup.VersionLoggerListener.log CATALINA_HOME:         /Users/stevenho/Desktop/apache-tomcat-9.0.10
16-Jul-2018 21:19:13.955 INFO [main] org.apache.catalina.startup.VersionLoggerListener.log Command line argument: -Djava.util.logging.config.file=/Users/stevenho/Desktop/apache-tomcat-9.0.10/conf/logging.properties
16-Jul-2018 21:19:13.955 INFO [main] org.apache.catalina.startup.VersionLoggerListener.log Command line argument: -Djava.util.logging.manager=org.apache.juli.ClassLoaderLogManager
16-Jul-2018 21:19:13.955 INFO [main] org.apache.catalina.startup.VersionLoggerListener.log Command line argument: -Djdk.tls.ephemeralDHKeySize=2048
16-Jul-2018 21:19:13.956 INFO [main] org.apache.catalina.startup.VersionLoggerListener.log Command line argument: -Djava.protocol.handler.pkgs=org.apache.catalina.webresources
16-Jul-2018 21:19:13.956 INFO [main] org.apache.catalina.startup.VersionLoggerListener.log Command line argument: -Dorg.apache.catalina.security.SecurityListener.UMASK=0027
16-Jul-2018 21:19:13.956 INFO [main] org.apache.catalina.startup.VersionLoggerListener.log Command line argument: -Dignore.endorsed.dirs=
16-Jul-2018 21:19:13.956 INFO [main] org.apache.catalina.startup.VersionLoggerListener.log Command line argument: -Dcatalina.base=/Users/stevenho/Desktop/apache-tomcat-9.0.10
16-Jul-2018 21:19:13.956 INFO [main] org.apache.catalina.startup.VersionLoggerListener.log Command line argument: -Dcatalina.home=/Users/stevenho/Desktop/apache-tomcat-9.0.10
16-Jul-2018 21:19:13.956 INFO [main] org.apache.catalina.startup.VersionLoggerListener.log Command line argument: -Djava.io.tmpdir=/Users/stevenho/Desktop/apache-tomcat-9.0.10/temp
16-Jul-2018 21:19:13.956 INFO [main] org.apache.catalina.core.AprLifecycleListener.lifecycleEvent The APR based Apache Tomcat Native library which allows optimal performance in production environments was not found on the java.library.path: [/Users/stevenho/Library/Java/Extensions:/Library/Java/Extensions:/Network/Library/Java/Extensions:/System/Library/Java/Extensions:/usr/lib/java:.]
16-Jul-2018 21:19:14.208 INFO [main] org.apache.coyote.AbstractProtocol.init Initializing ProtocolHandler ["http-nio-8080"]
16-Jul-2018 21:19:14.236 INFO [main] org.apache.tomcat.util.net.NioSelectorPool.getSharedSelector Using a shared selector for servlet write/read
16-Jul-2018 21:19:14.252 INFO [main] org.apache.coyote.AbstractProtocol.init Initializing ProtocolHandler ["ajp-nio-8009"]
16-Jul-2018 21:19:14.253 INFO [main] org.apache.tomcat.util.net.NioSelectorPool.getSharedSelector Using a shared selector for servlet write/read
16-Jul-2018 21:19:14.273 INFO [main] org.apache.catalina.startup.Catalina.load Initialization processed in 2075 ms
16-Jul-2018 21:19:14.335 INFO [main] org.apache.catalina.core.StandardService.startInternal Starting service [Catalina]
16-Jul-2018 21:19:14.335 INFO [main] org.apache.catalina.core.StandardEngine.startInternal Starting Servlet Engine: Apache Tomcat/9.0.10
16-Jul-2018 21:19:14.440 INFO [main] org.apache.catalina.startup.HostConfig.deployWAR Deploying web application archive [/Users/stevenho/Desktop/apache-tomcat-9.0.10/webapps/philosophy.war]
16-Jul-2018 21:19:14.486 INFO [main] org.apache.catalina.startup.ExpandWar.expand An expanded directory [/Users/stevenho/Desktop/apache-tomcat-9.0.10/webapps/philosophy] was found with a last modified time that did not match the associated WAR. It will be deleted.
16-Jul-2018 21:19:18.813 INFO [main] org.apache.jasper.servlet.TldScanner.scanJars At least one JAR was scanned for TLDs yet contained no TLDs. Enable debug logging for this logger for a complete list of JARs that were scanned but no TLDs were found in them. Skipping unneeded JARs during scanning can improve startup time and JSP compilation time.
SERVER INIT
16-Jul-2018 21:19:23.682 INFO [main] org.apache.catalina.startup.HostConfig.deployWAR Deployment of web application archive [/Users/stevenho/Desktop/apache-tomcat-9.0.10/webapps/philosophy.war] has finished in [9,240] ms
16-Jul-2018 21:19:23.698 INFO [main] org.apache.catalina.startup.HostConfig.deployDirectory Deploying web application directory [/Users/stevenho/Desktop/apache-tomcat-9.0.10/webapps/docs]
16-Jul-2018 21:19:23.812 INFO [main] org.apache.catalina.startup.HostConfig.deployDirectory Deployment of web application directory [/Users/stevenho/Desktop/apache-tomcat-9.0.10/webapps/docs] has finished in [114] ms
16-Jul-2018 21:19:23.812 INFO [main] org.apache.catalina.startup.HostConfig.deployDirectory Deploying web application directory [/Users/stevenho/Desktop/apache-tomcat-9.0.10/webapps/examples]
16-Jul-2018 21:19:25.739 INFO [main] org.apache.catalina.startup.HostConfig.deployDirectory Deployment of web application directory [/Users/stevenho/Desktop/apache-tomcat-9.0.10/webapps/examples] has finished in [1,927] ms
16-Jul-2018 21:19:25.754 INFO [main] org.apache.catalina.startup.HostConfig.deployDirectory Deploying web application directory [/Users/stevenho/Desktop/apache-tomcat-9.0.10/webapps/host-manager]
16-Jul-2018 21:19:25.920 INFO [main] org.apache.catalina.startup.HostConfig.deployDirectory Deployment of web application directory [/Users/stevenho/Desktop/apache-tomcat-9.0.10/webapps/host-manager] has finished in [167] ms
16-Jul-2018 21:19:25.921 INFO [main] org.apache.catalina.startup.HostConfig.deployDirectory Deploying web application directory [/Users/stevenho/Desktop/apache-tomcat-9.0.10/webapps/manager]
16-Jul-2018 21:19:26.101 INFO [main] org.apache.catalina.startup.HostConfig.deployDirectory Deployment of web application directory [/Users/stevenho/Desktop/apache-tomcat-9.0.10/webapps/manager] has finished in [179] ms
16-Jul-2018 21:19:26.101 INFO [main] org.apache.catalina.startup.HostConfig.deployDirectory Deploying web application directory [/Users/stevenho/Desktop/apache-tomcat-9.0.10/webapps/ROOT]
16-Jul-2018 21:19:26.194 INFO [main] org.apache.catalina.startup.HostConfig.deployDirectory Deployment of web application directory [/Users/stevenho/Desktop/apache-tomcat-9.0.10/webapps/ROOT] has finished in [93] ms
16-Jul-2018 21:19:26.203 INFO [main] org.apache.coyote.AbstractProtocol.start Starting ProtocolHandler ["http-nio-8080"]
16-Jul-2018 21:19:26.256 INFO [main] org.apache.coyote.AbstractProtocol.start Starting ProtocolHandler ["ajp-nio-8009"]
16-Jul-2018 21:19:26.314 INFO [main] org.apache.catalina.startup.Catalina.start Server startup in 12039 ms
java.sql.SQLException: Table/View 'LINKS' already exists in Schema 'APP'.
	at org.apache.derby.impl.jdbc.SQLExceptionFactory.getSQLException(Unknown Source)
	at org.apache.derby.impl.jdbc.Util.generateCsSQLException(Unknown Source)
	at org.apache.derby.impl.jdbc.TransactionResourceImpl.wrapInSQLException(Unknown Source)
	at org.apache.derby.impl.jdbc.TransactionResourceImpl.handleException(Unknown Source)
	at org.apache.derby.impl.jdbc.EmbedConnection.handleException(Unknown Source)
	at org.apache.derby.impl.jdbc.ConnectionChild.handleException(Unknown Source)
	at org.apache.derby.impl.jdbc.EmbedStatement.executeStatement(Unknown Source)
	at org.apache.derby.impl.jdbc.EmbedStatement.execute(Unknown Source)
	at org.apache.derby.impl.jdbc.EmbedStatement.execute(Unknown Source)
	at philosophy.TestServlet.doPost(TestServlet.java:88)
	at javax.servlet.http.HttpServlet.service(HttpServlet.java:660)
	at javax.servlet.http.HttpServlet.service(HttpServlet.java:741)
	at org.apache.catalina.core.ApplicationFilterChain.internalDoFilter(ApplicationFilterChain.java:231)
	at org.apache.catalina.core.ApplicationFilterChain.doFilter(ApplicationFilterChain.java:166)
	at org.apache.tomcat.websocket.server.WsFilter.doFilter(WsFilter.java:53)
	at org.apache.catalina.core.ApplicationFilterChain.internalDoFilter(ApplicationFilterChain.java:193)
	at org.apache.catalina.core.ApplicationFilterChain.doFilter(ApplicationFilterChain.java:166)
	at org.apache.catalina.core.StandardWrapperValve.invoke(StandardWrapperValve.java:199)
	at org.apache.catalina.core.StandardContextValve.invoke(StandardContextValve.java:96)
	at org.apache.catalina.authenticator.AuthenticatorBase.invoke(AuthenticatorBase.java:491)
	at org.apache.catalina.core.StandardHostValve.invoke(StandardHostValve.java:139)
	at org.apache.catalina.valves.ErrorReportValve.invoke(ErrorReportValve.java:92)
	at org.apache.catalina.valves.AbstractAccessLogValve.invoke(AbstractAccessLogValve.java:668)
	at org.apache.catalina.core.StandardEngineValve.invoke(StandardEngineValve.java:87)
	at org.apache.catalina.connector.CoyoteAdapter.service(CoyoteAdapter.java:343)
	at org.apache.coyote.http11.Http11Processor.service(Http11Processor.java:408)
	at org.apache.coyote.AbstractProcessorLight.process(AbstractProcessorLight.java:66)
	at org.apache.coyote.AbstractProtocol$ConnectionHandler.process(AbstractProtocol.java:764)
	at org.apache.tomcat.util.net.NioEndpoint$SocketProcessor.doRun(NioEndpoint.java:1388)
	at org.apache.tomcat.util.net.SocketProcessorBase.run(SocketProcessorBase.java:49)
	at java.util.concurrent.ThreadPoolExecutor.runWorker(ThreadPoolExecutor.java:1149)
	at java.util.concurrent.ThreadPoolExecutor$Worker.run(ThreadPoolExecutor.java:624)
	at org.apache.tomcat.util.threads.TaskThread$WrappingRunnable.run(TaskThread.java:61)
	at java.lang.Thread.run(Thread.java:748)
Caused by: ERROR X0Y32: Table/View 'LINKS' already exists in Schema 'APP'.
	at org.apache.derby.iapi.error.StandardException.newException(Unknown Source)
	at org.apache.derby.iapi.error.StandardException.newException(Unknown Source)
	at org.apache.derby.impl.sql.catalog.DataDictionaryImpl.duplicateDescriptorException(Unknown Source)
	at org.apache.derby.impl.sql.catalog.DataDictionaryImpl.addDescriptor(Unknown Source)
	at org.apache.derby.impl.sql.execute.CreateTableConstantAction.executeConstantAction(Unknown Source)
	at org.apache.derby.impl.sql.execute.MiscResultSet.open(Unknown Source)
	at org.apache.derby.impl.sql.GenericPreparedStatement.executeStmt(Unknown Source)
	at org.apache.derby.impl.sql.GenericPreparedStatement.execute(Unknown Source)
	... 28 more
java.sql.SQLSyntaxErrorException: Table/View 'LINKS' does not exist.
	at org.apache.derby.impl.jdbc.SQLExceptionFactory.getSQLException(Unknown Source)
	at org.apache.derby.impl.jdbc.Util.generateCsSQLException(Unknown Source)
	at org.apache.derby.impl.jdbc.TransactionResourceImpl.wrapInSQLException(Unknown Source)
	at org.apache.derby.impl.jdbc.TransactionResourceImpl.handleException(Unknown Source)
	at org.apache.derby.impl.jdbc.EmbedConnection.handleException(Unknown Source)
	at org.apache.derby.impl.jdbc.ConnectionChild.handleException(Unknown Source)
	at org.apache.derby.impl.jdbc.EmbedPreparedStatement.<init>(Unknown Source)
	at org.apache.derby.impl.jdbc.EmbedPreparedStatement42.<init>(Unknown Source)
	at org.apache.derby.jdbc.Driver42.newEmbedPreparedStatement(Unknown Source)
	at org.apache.derby.impl.jdbc.EmbedConnection.prepareStatement(Unknown Source)
	at org.apache.derby.impl.jdbc.EmbedConnection.prepareStatement(Unknown Source)
	at philosophy.TestServlet.checkIfVisitedLoop(TestServlet.java:172)
	at philosophy.TestServlet.doPost(TestServlet.java:97)
	at javax.servlet.http.HttpServlet.service(HttpServlet.java:660)
	at javax.servlet.http.HttpServlet.service(HttpServlet.java:741)
	at org.apache.catalina.core.ApplicationFilterChain.internalDoFilter(ApplicationFilterChain.java:231)
	at org.apache.catalina.core.ApplicationFilterChain.doFilter(ApplicationFilterChain.java:166)
	at org.apache.tomcat.websocket.server.WsFilter.doFilter(WsFilter.java:53)
	at org.apache.catalina.core.ApplicationFilterChain.internalDoFilter(ApplicationFilterChain.java:193)
	at org.apache.catalina.core.ApplicationFilterChain.doFilter(ApplicationFilterChain.java:166)
	at org.apache.catalina.core.StandardWrapperValve.invoke(StandardWrapperValve.java:199)
	at org.apache.catalina.core.StandardContextValve.invoke(StandardContextValve.java:96)
	at org.apache.catalina.authenticator.AuthenticatorBase.invoke(AuthenticatorBase.java:491)
	at org.apache.catalina.core.StandardHostValve.invoke(StandardHostValve.java:139)
	at org.apache.catalina.valves.ErrorReportValve.invoke(ErrorReportValve.java:92)
	at org.apache.catalina.valves.AbstractAccessLogValve.invoke(AbstractAccessLogValve.java:668)
	at org.apache.catalina.core.StandardEngineValve.invoke(StandardEngineValve.java:87)
	at org.apache.catalina.connector.CoyoteAdapter.service(CoyoteAdapter.java:343)
	at org.apache.coyote.http11.Http11Processor.service(Http11Processor.java:408)
	at org.apache.coyote.AbstractProcessorLight.process(AbstractProcessorLight.java:66)
	at org.apache.coyote.AbstractProtocol$ConnectionHandler.process(AbstractProtocol.java:764)
	at org.apache.tomcat.util.net.NioEndpoint$SocketProcessor.doRun(NioEndpoint.java:1388)
	at org.apache.tomcat.util.net.SocketProcessorBase.run(SocketProcessorBase.java:49)
	at java.util.concurrent.ThreadPoolExecutor.runWorker(ThreadPoolExecutor.java:1149)
	at java.util.concurrent.ThreadPoolExecutor$Worker.run(ThreadPoolExecutor.java:624)
	at org.apache.tomcat.util.threads.TaskThread$WrappingRunnable.run(TaskThread.java:61)
	at java.lang.Thread.run(Thread.java:748)
Caused by: ERROR 42X05: Table/View 'LINKS' does not exist.
	at org.apache.derby.iapi.error.StandardException.newException(Unknown Source)
	at org.apache.derby.iapi.error.StandardException.newException(Unknown Source)
	at org.apache.derby.impl.sql.compile.FromBaseTable.bindTableDescriptor(Unknown Source)
	at org.apache.derby.impl.sql.compile.FromBaseTable.bindNonVTITables(Unknown Source)
	at org.apache.derby.impl.sql.compile.FromList.bindTables(Unknown Source)
	at org.apache.derby.impl.sql.compile.SelectNode.bindNonVTITables(Unknown Source)
	at org.apache.derby.impl.sql.compile.DMLStatementNode.bindTables(Unknown Source)
	at org.apache.derby.impl.sql.compile.DMLStatementNode.bind(Unknown Source)
	at org.apache.derby.impl.sql.compile.CursorNode.bindStatement(Unknown Source)
	at org.apache.derby.impl.sql.GenericStatement.prepMinion(Unknown Source)
	at org.apache.derby.impl.sql.GenericStatement.prepare(Unknown Source)
	at org.apache.derby.impl.sql.conn.GenericLanguageConnectionContext.prepareInternalStatement(Unknown Source)
	... 31 more
java.sql.SQLSyntaxErrorException: Table/View 'LINKS' does not exist.
	at org.apache.derby.impl.jdbc.SQLExceptionFactory.getSQLException(Unknown Source)
	at org.apache.derby.impl.jdbc.Util.generateCsSQLException(Unknown Source)
	at org.apache.derby.impl.jdbc.TransactionResourceImpl.wrapInSQLException(Unknown Source)
	at org.apache.derby.impl.jdbc.TransactionResourceImpl.handleException(Unknown Source)
	at org.apache.derby.impl.jdbc.EmbedConnection.handleException(Unknown Source)
	at org.apache.derby.impl.jdbc.ConnectionChild.handleException(Unknown Source)
	at org.apache.derby.impl.jdbc.EmbedPreparedStatement.<init>(Unknown Source)
	at org.apache.derby.impl.jdbc.EmbedPreparedStatement42.<init>(Unknown Source)
	at org.apache.derby.jdbc.Driver42.newEmbedPreparedStatement(Unknown Source)
	at org.apache.derby.impl.jdbc.EmbedConnection.prepareStatement(Unknown Source)
	at org.apache.derby.impl.jdbc.EmbedConnection.prepareStatement(Unknown Source)
	at philosophy.TestServlet.doPost(TestServlet.java:104)
	at javax.servlet.http.HttpServlet.service(HttpServlet.java:660)
	at javax.servlet.http.HttpServlet.service(HttpServlet.java:741)
	at org.apache.catalina.core.ApplicationFilterChain.internalDoFilter(ApplicationFilterChain.java:231)
	at org.apache.catalina.core.ApplicationFilterChain.doFilter(ApplicationFilterChain.java:166)
	at org.apache.tomcat.websocket.server.WsFilter.doFilter(WsFilter.java:53)
	at org.apache.catalina.core.ApplicationFilterChain.internalDoFilter(ApplicationFilterChain.java:193)
	at org.apache.catalina.core.ApplicationFilterChain.doFilter(ApplicationFilterChain.java:166)
	at org.apache.catalina.core.StandardWrapperValve.invoke(StandardWrapperValve.java:199)
	at org.apache.catalina.core.StandardContextValve.invoke(StandardContextValve.java:96)
	at org.apache.catalina.authenticator.AuthenticatorBase.invoke(AuthenticatorBase.java:491)
	at org.apache.catalina.core.StandardHostValve.invoke(StandardHostValve.java:139)
	at org.apache.catalina.valves.ErrorReportValve.invoke(ErrorReportValve.java:92)
	at org.apache.catalina.valves.AbstractAccessLogValve.invoke(AbstractAccessLogValve.java:668)
	at org.apache.catalina.core.StandardEngineValve.invoke(StandardEngineValve.java:87)
	at org.apache.catalina.connector.CoyoteAdapter.service(CoyoteAdapter.java:343)
	at org.apache.coyote.http11.Http11Processor.service(Http11Processor.java:408)
	at org.apache.coyote.AbstractProcessorLight.process(AbstractProcessorLight.java:66)
	at org.apache.coyote.AbstractProtocol$ConnectionHandler.process(AbstractProtocol.java:764)
	at org.apache.tomcat.util.net.NioEndpoint$SocketProcessor.doRun(NioEndpoint.java:1388)
	at org.apache.tomcat.util.net.SocketProcessorBase.run(SocketProcessorBase.java:49)
	at java.util.concurrent.ThreadPoolExecutor.runWorker(ThreadPoolExecutor.java:1149)
	at java.util.concurrent.ThreadPoolExecutor$Worker.run(ThreadPoolExecutor.java:624)
	at org.apache.tomcat.util.threads.TaskThread$WrappingRunnable.run(TaskThread.java:61)
	at java.lang.Thread.run(Thread.java:748)
Caused by: ERROR 42X05: Table/View 'LINKS' does not exist.
	at org.apache.derby.iapi.error.StandardException.newException(Unknown Source)
	at org.apache.derby.iapi.error.StandardException.newException(Unknown Source)
	at org.apache.derby.impl.sql.compile.DMLModStatementNode.verifyTargetTable(Unknown Source)
	at org.apache.derby.impl.sql.compile.InsertNode.bindStatement(Unknown Source)
	at org.apache.derby.impl.sql.GenericStatement.prepMinion(Unknown Source)
	at org.apache.derby.impl.sql.GenericStatement.prepare(Unknown Source)
	at org.apache.derby.impl.sql.conn.GenericLanguageConnectionContext.prepareInternalStatement(Unknown Source)
	... 30 more
java.sql.SQLSyntaxErrorException: Table/View 'LINKS' does not exist.
	at org.apache.derby.impl.jdbc.SQLExceptionFactory.getSQLException(Unknown Source)
	at org.apache.derby.impl.jdbc.Util.generateCsSQLException(Unknown Source)
	at org.apache.derby.impl.jdbc.TransactionResourceImpl.wrapInSQLException(Unknown Source)
	at org.apache.derby.impl.jdbc.TransactionResourceImpl.handleException(Unknown Source)
	at org.apache.derby.impl.jdbc.EmbedConnection.handleException(Unknown Source)
	at org.apache.derby.impl.jdbc.ConnectionChild.handleException(Unknown Source)
	at org.apache.derby.impl.jdbc.EmbedPreparedStatement.<init>(Unknown Source)
	at org.apache.derby.impl.jdbc.EmbedPreparedStatement42.<init>(Unknown Source)
	at org.apache.derby.jdbc.Driver42.newEmbedPreparedStatement(Unknown Source)
	at org.apache.derby.impl.jdbc.EmbedConnection.prepareStatement(Unknown Source)
	at org.apache.derby.impl.jdbc.EmbedConnection.prepareStatement(Unknown Source)
	at philosophy.TestServlet.checkIfVisitedLoop(TestServlet.java:172)
	at philosophy.TestServlet.doPost(TestServlet.java:97)
	at javax.servlet.http.HttpServlet.service(HttpServlet.java:660)
	at javax.servlet.http.HttpServlet.service(HttpServlet.java:741)
	at org.apache.catalina.core.ApplicationFilterChain.internalDoFilter(ApplicationFilterChain.java:231)
	at org.apache.catalina.core.ApplicationFilterChain.doFilter(ApplicationFilterChain.java:166)
	at org.apache.tomcat.websocket.server.WsFilter.doFilter(WsFilter.java:53)
	at org.apache.catalina.core.ApplicationFilterChain.internalDoFilter(ApplicationFilterChain.java:193)
	at org.apache.catalina.core.ApplicationFilterChain.doFilter(ApplicationFilterChain.java:166)
	at org.apache.catalina.core.StandardWrapperValve.invoke(StandardWrapperValve.java:199)
	at org.apache.catalina.core.StandardContextValve.invoke(StandardContextValve.java:96)
	at org.apache.catalina.authenticator.AuthenticatorBase.invoke(AuthenticatorBase.java:491)
	at org.apache.catalina.core.StandardHostValve.invoke(StandardHostValve.java:139)
	at org.apache.catalina.valves.ErrorReportValve.invoke(ErrorReportValve.java:92)
	at org.apache.catalina.valves.AbstractAccessLogValve.invoke(AbstractAccessLogValve.java:668)
	at org.apache.catalina.core.StandardEngineValve.invoke(StandardEngineValve.java:87)
	at org.apache.catalina.connector.CoyoteAdapter.service(CoyoteAdapter.java:343)
	at org.apache.coyote.http11.Http11Processor.service(Http11Processor.java:408)
	at org.apache.coyote.AbstractProcessorLight.process(AbstractProcessorLight.java:66)
	at org.apache.coyote.AbstractProtocol$ConnectionHandler.process(AbstractProtocol.java:764)
	at org.apache.tomcat.util.net.NioEndpoint$SocketProcessor.doRun(NioEndpoint.java:1388)
	at org.apache.tomcat.util.net.SocketProcessorBase.run(SocketProcessorBase.java:49)
	at java.util.concurrent.ThreadPoolExecutor.runWorker(ThreadPoolExecutor.java:1149)
	at java.util.concurrent.ThreadPoolExecutor$Worker.run(ThreadPoolExecutor.java:624)
	at org.apache.tomcat.util.threads.TaskThread$WrappingRunnable.run(TaskThread.java:61)
	at java.lang.Thread.run(Thread.java:748)
Caused by: ERROR 42X05: Table/View 'LINKS' does not exist.
	at org.apache.derby.iapi.error.StandardException.newException(Unknown Source)
	at org.apache.derby.iapi.error.StandardException.newException(Unknown Source)
	at org.apache.derby.impl.sql.compile.FromBaseTable.bindTableDescriptor(Unknown Source)
	at org.apache.derby.impl.sql.compile.FromBaseTable.bindNonVTITables(Unknown Source)
	at org.apache.derby.impl.sql.compile.FromList.bindTables(Unknown Source)
	at org.apache.derby.impl.sql.compile.SelectNode.bindNonVTITables(Unknown Source)
	at org.apache.derby.impl.sql.compile.DMLStatementNode.bindTables(Unknown Source)
	at org.apache.derby.impl.sql.compile.DMLStatementNode.bind(Unknown Source)
	at org.apache.derby.impl.sql.compile.CursorNode.bindStatement(Unknown Source)
	at org.apache.derby.impl.sql.GenericStatement.prepMinion(Unknown Source)
	at org.apache.derby.impl.sql.GenericStatement.prepare(Unknown Source)
	at org.apache.derby.impl.sql.conn.GenericLanguageConnectionContext.prepareInternalStatement(Unknown Source)
	... 31 more
java.sql.SQLSyntaxErrorException: Table/View 'LINKS' does not exist.
	at org.apache.derby.impl.jdbc.SQLExceptionFactory.getSQLException(Unknown Source)
	at org.apache.derby.impl.jdbc.Util.generateCsSQLException(Unknown Source)
	at org.apache.derby.impl.jdbc.TransactionResourceImpl.wrapInSQLException(Unknown Source)
	at org.apache.derby.impl.jdbc.TransactionResourceImpl.handleException(Unknown Source)
	at org.apache.derby.impl.jdbc.EmbedConnection.handleException(Unknown Source)
	at org.apache.derby.impl.jdbc.ConnectionChild.handleException(Unknown Source)
	at org.apache.derby.impl.jdbc.EmbedPreparedStatement.<init>(Unknown Source)
	at org.apache.derby.impl.jdbc.EmbedPreparedStatement42.<init>(Unknown Source)
	at org.apache.derby.jdbc.Driver42.newEmbedPreparedStatement(Unknown Source)
	at org.apache.derby.impl.jdbc.EmbedConnection.prepareStatement(Unknown Source)
	at org.apache.derby.impl.jdbc.EmbedConnection.prepareStatement(Unknown Source)
	at philosophy.TestServlet.doPost(TestServlet.java:104)
	at javax.servlet.http.HttpServlet.service(HttpServlet.java:660)
	at javax.servlet.http.HttpServlet.service(HttpServlet.java:741)
	at org.apache.catalina.core.ApplicationFilterChain.internalDoFilter(ApplicationFilterChain.java:231)
	at org.apache.catalina.core.ApplicationFilterChain.doFilter(ApplicationFilterChain.java:166)
	at org.apache.tomcat.websocket.server.WsFilter.doFilter(WsFilter.java:53)
	at org.apache.catalina.core.ApplicationFilterChain.internalDoFilter(ApplicationFilterChain.java:193)
	at org.apache.catalina.core.ApplicationFilterChain.doFilter(ApplicationFilterChain.java:166)
	at org.apache.catalina.core.StandardWrapperValve.invoke(StandardWrapperValve.java:199)
	at org.apache.catalina.core.StandardContextValve.invoke(StandardContextValve.java:96)
	at org.apache.catalina.authenticator.AuthenticatorBase.invoke(AuthenticatorBase.java:491)
	at org.apache.catalina.core.StandardHostValve.invoke(StandardHostValve.java:139)
	at org.apache.catalina.valves.ErrorReportValve.invoke(ErrorReportValve.java:92)
	at org.apache.catalina.valves.AbstractAccessLogValve.invoke(AbstractAccessLogValve.java:668)
	at org.apache.catalina.core.StandardEngineValve.invoke(StandardEngineValve.java:87)
	at org.apache.catalina.connector.CoyoteAdapter.service(CoyoteAdapter.java:343)
	at org.apache.coyote.http11.Http11Processor.service(Http11Processor.java:408)
	at org.apache.coyote.AbstractProcessorLight.process(AbstractProcessorLight.java:66)
	at org.apache.coyote.AbstractProtocol$ConnectionHandler.process(AbstractProtocol.java:764)
	at org.apache.tomcat.util.net.NioEndpoint$SocketProcessor.doRun(NioEndpoint.java:1388)
	at org.apache.tomcat.util.net.SocketProcessorBase.run(SocketProcessorBase.java:49)
	at java.util.concurrent.ThreadPoolExecutor.runWorker(ThreadPoolExecutor.java:1149)
	at java.util.concurrent.ThreadPoolExecutor$Worker.run(ThreadPoolExecutor.java:624)
	at org.apache.tomcat.util.threads.TaskThread$WrappingRunnable.run(TaskThread.java:61)
	at java.lang.Thread.run(Thread.java:748)
Caused by: ERROR 42X05: Table/View 'LINKS' does not exist.
	at org.apache.derby.iapi.error.StandardException.newException(Unknown Source)
	at org.apache.derby.iapi.error.StandardException.newException(Unknown Source)
	at org.apache.derby.impl.sql.compile.DMLModStatementNode.verifyTargetTable(Unknown Source)
	at org.apache.derby.impl.sql.compile.InsertNode.bindStatement(Unknown Source)
	at org.apache.derby.impl.sql.GenericStatement.prepMinion(Unknown Source)
	at org.apache.derby.impl.sql.GenericStatement.prepare(Unknown Source)
	at org.apache.derby.impl.sql.conn.GenericLanguageConnectionContext.prepareInternalStatement(Unknown Source)
	... 30 more
java.sql.SQLSyntaxErrorException: 'DROP TABLE' cannot be performed on 'LINKS' because it does not exist.
	at org.apache.derby.impl.jdbc.SQLExceptionFactory.getSQLException(Unknown Source)
	at org.apache.derby.impl.jdbc.Util.generateCsSQLException(Unknown Source)
	at org.apache.derby.impl.jdbc.TransactionResourceImpl.wrapInSQLException(Unknown Source)
	at org.apache.derby.impl.jdbc.TransactionResourceImpl.handleException(Unknown Source)
	at org.apache.derby.impl.jdbc.EmbedConnection.handleException(Unknown Source)
	at org.apache.derby.impl.jdbc.ConnectionChild.handleException(Unknown Source)
	at org.apache.derby.impl.jdbc.EmbedStatement.execute(Unknown Source)
	at org.apache.derby.impl.jdbc.EmbedStatement.execute(Unknown Source)
	at philosophy.TestServlet.doPost(TestServlet.java:163)
	at javax.servlet.http.HttpServlet.service(HttpServlet.java:660)
	at javax.servlet.http.HttpServlet.service(HttpServlet.java:741)
	at org.apache.catalina.core.ApplicationFilterChain.internalDoFilter(ApplicationFilterChain.java:231)
	at org.apache.catalina.core.ApplicationFilterChain.doFilter(ApplicationFilterChain.java:166)
	at org.apache.tomcat.websocket.server.WsFilter.doFilter(WsFilter.java:53)
	at org.apache.catalina.core.ApplicationFilterChain.internalDoFilter(ApplicationFilterChain.java:193)
	at org.apache.catalina.core.ApplicationFilterChain.doFilter(ApplicationFilterChain.java:166)
	at org.apache.catalina.core.StandardWrapperValve.invoke(StandardWrapperValve.java:199)
	at org.apache.catalina.core.StandardContextValve.invoke(StandardContextValve.java:96)
	at org.apache.catalina.authenticator.AuthenticatorBase.invoke(AuthenticatorBase.java:491)
	at org.apache.catalina.core.StandardHostValve.invoke(StandardHostValve.java:139)
	at org.apache.catalina.valves.ErrorReportValve.invoke(ErrorReportValve.java:92)
	at org.apache.catalina.valves.AbstractAccessLogValve.invoke(AbstractAccessLogValve.java:668)
	at org.apache.catalina.core.StandardEngineValve.invoke(StandardEngineValve.java:87)
	at org.apache.catalina.connector.CoyoteAdapter.service(CoyoteAdapter.java:343)
	at org.apache.coyote.http11.Http11Processor.service(Http11Processor.java:408)
	at org.apache.coyote.AbstractProcessorLight.process(AbstractProcessorLight.java:66)
	at org.apache.coyote.AbstractProtocol$ConnectionHandler.process(AbstractProtocol.java:764)
	at org.apache.tomcat.util.net.NioEndpoint$SocketProcessor.doRun(NioEndpoint.java:1388)
	at org.apache.tomcat.util.net.SocketProcessorBase.run(SocketProcessorBase.java:49)
	at java.util.concurrent.ThreadPoolExecutor.runWorker(ThreadPoolExecutor.java:1149)
	at java.util.concurrent.ThreadPoolExecutor$Worker.run(ThreadPoolExecutor.java:624)
	at org.apache.tomcat.util.threads.TaskThread$WrappingRunnable.run(TaskThread.java:61)
	at java.lang.Thread.run(Thread.java:748)
Caused by: ERROR 42Y55: 'DROP TABLE' cannot be performed on 'LINKS' because it does not exist.
	at org.apache.derby.iapi.error.StandardException.newException(Unknown Source)
	at org.apache.derby.iapi.error.StandardException.newException(Unknown Source)
	at org.apache.derby.impl.sql.compile.DDLStatementNode.justGetDescriptor(Unknown Source)
	at org.apache.derby.impl.sql.compile.DDLStatementNode.getTableDescriptor(Unknown Source)
	at org.apache.derby.impl.sql.compile.DDLStatementNode.getTableDescriptor(Unknown Source)
	at org.apache.derby.impl.sql.compile.DropTableNode.bindStatement(Unknown Source)
	at org.apache.derby.impl.sql.GenericStatement.prepMinion(Unknown Source)
	at org.apache.derby.impl.sql.GenericStatement.prepare(Unknown Source)
	at org.apache.derby.impl.sql.conn.GenericLanguageConnectionContext.prepareInternalStatement(Unknown Source)
	... 27 more
16-Jul-2018 21:20:26.281 INFO [main] org.apache.catalina.core.StandardServer.await A valid shutdown command was received via the shutdown port. Stopping the Server instance.
16-Jul-2018 21:20:26.281 INFO [main] org.apache.coyote.AbstractProtocol.pause Pausing ProtocolHandler ["http-nio-8080"]
16-Jul-2018 21:20:28.284 INFO [main] org.apache.coyote.AbstractProtocol.pause Pausing ProtocolHandler ["ajp-nio-8009"]
16-Jul-2018 21:20:30.286 INFO [main] org.apache.catalina.core.StandardService.stopInternal Stopping service [Catalina]
16-Jul-2018 21:20:30.364 WARNING [main] org.apache.catalina.loader.WebappClassLoaderBase.clearReferencesJdbc The web application [philosophy] registered the JDBC driver [org.apache.derby.jdbc.AutoloadedDriver] but failed to unregister it when the web application was stopped. To prevent a memory leak, the JDBC Driver has been forcibly unregistered.
16-Jul-2018 21:20:30.364 WARNING [main] org.apache.catalina.loader.WebappClassLoaderBase.clearReferencesJdbc The web application [philosophy] registered the JDBC driver [org.apache.derby.jdbc.EmbeddedDriver] but failed to unregister it when the web application was stopped. To prevent a memory leak, the JDBC Driver has been forcibly unregistered.
16-Jul-2018 21:20:30.370 WARNING [main] org.apache.catalina.loader.WebappClassLoaderBase.clearReferencesThreads The web application [philosophy] appears to have started a thread named [Timer-0] but has failed to stop it. This is very likely to create a memory leak. Stack trace of thread:
 java.lang.Object.wait(Native Method)
 java.lang.Object.wait(Object.java:502)
 java.util.TimerThread.mainLoop(Timer.java:526)
 java.util.TimerThread.run(Timer.java:505)
16-Jul-2018 21:20:30.371 SEVERE [main] org.apache.catalina.loader.WebappClassLoaderBase.checkThreadLocalMapForLeaks The web application [philosophy] created a ThreadLocal with key of type [java.lang.ThreadLocal] (value [java.lang.ThreadLocal@7c129ef6]) and a value of type [org.apache.derby.iapi.services.context.ContextManager] (value [org.apache.derby.iapi.services.context.ContextManager@58faa93b]) but failed to remove it when the web application was stopped. Threads are going to be renewed over time to try and avoid a probable memory leak.
16-Jul-2018 21:20:30.372 SEVERE [main] org.apache.catalina.loader.WebappClassLoaderBase.checkThreadLocalMapForLeaks The web application [philosophy] created a ThreadLocal with key of type [java.lang.ThreadLocal] (value [java.lang.ThreadLocal@7c129ef6]) and a value of type [org.apache.derby.iapi.services.context.ContextManager] (value [org.apache.derby.iapi.services.context.ContextManager@58faa93b]) but failed to remove it when the web application was stopped. Threads are going to be renewed over time to try and avoid a probable memory leak.
16-Jul-2018 21:20:30.373 SEVERE [main] org.apache.catalina.loader.WebappClassLoaderBase.checkThreadLocalMapForLeaks The web application [philosophy] created a ThreadLocal with key of type [java.lang.ThreadLocal] (value [java.lang.ThreadLocal@7c129ef6]) and a value of type [org.apache.derby.iapi.services.context.ContextManager] (value [org.apache.derby.iapi.services.context.ContextManager@58faa93b]) but failed to remove it when the web application was stopped. Threads are going to be renewed over time to try and avoid a probable memory leak.
16-Jul-2018 21:20:30.373 SEVERE [main] org.apache.catalina.loader.WebappClassLoaderBase.checkThreadLocalMapForLeaks The web application [philosophy] created a ThreadLocal with key of type [java.lang.ThreadLocal] (value [java.lang.ThreadLocal@7c129ef6]) and a value of type [org.apache.derby.iapi.services.context.ContextManager] (value [org.apache.derby.iapi.services.context.ContextManager@58faa93b]) but failed to remove it when the web application was stopped. Threads are going to be renewed over time to try and avoid a probable memory leak.
16-Jul-2018 21:20:30.373 SEVERE [main] org.apache.catalina.loader.WebappClassLoaderBase.checkThreadLocalMapForLeaks The web application [philosophy] created a ThreadLocal with key of type [java.lang.ThreadLocal] (value [java.lang.ThreadLocal@7c129ef6]) and a value of type [org.apache.derby.iapi.services.context.ContextManager] (value [org.apache.derby.iapi.services.context.ContextManager@58faa93b]) but failed to remove it when the web application was stopped. Threads are going to be renewed over time to try and avoid a probable memory leak.
16-Jul-2018 21:20:30.375 SEVERE [main] org.apache.catalina.loader.WebappClassLoaderBase.checkThreadLocalMapForLeaks The web application [philosophy] created a ThreadLocal with key of type [java.lang.ThreadLocal] (value [java.lang.ThreadLocal@7c129ef6]) and a value of type [org.apache.derby.iapi.services.context.ContextManager] (value [org.apache.derby.iapi.services.context.ContextManager@72ab05ed]) but failed to remove it when the web application was stopped. Threads are going to be renewed over time to try and avoid a probable memory leak.
16-Jul-2018 21:20:30.410 INFO [main] org.apache.coyote.AbstractProtocol.stop Stopping ProtocolHandler ["http-nio-8080"]
16-Jul-2018 21:20:30.418 INFO [main] org.apache.coyote.AbstractProtocol.stop Stopping ProtocolHandler ["ajp-nio-8009"]
16-Jul-2018 21:20:30.445 INFO [main] org.apache.coyote.AbstractProtocol.destroy Destroying ProtocolHandler ["http-nio-8080"]
16-Jul-2018 21:20:30.449 INFO [main] org.apache.coyote.AbstractProtocol.destroy Destroying ProtocolHandler ["ajp-nio-8009"]
16-Jul-2018 21:22:11.608 INFO [main] org.apache.catalina.startup.VersionLoggerListener.log Server version:        Apache Tomcat/9.0.10
16-Jul-2018 21:22:11.610 INFO [main] org.apache.catalina.startup.VersionLoggerListener.log Server built:          Jun 20 2018 17:32:21 UTC
16-Jul-2018 21:22:11.610 INFO [main] org.apache.catalina.startup.VersionLoggerListener.log Server number:         9.0.10.0
16-Jul-2018 21:22:11.610 INFO [main] org.apache.catalina.startup.VersionLoggerListener.log OS Name:               Mac OS X
16-Jul-2018 21:22:11.610 INFO [main] org.apache.catalina.startup.VersionLoggerListener.log OS Version:            10.9.5
16-Jul-2018 21:22:11.610 INFO [main] org.apache.catalina.startup.VersionLoggerListener.log Architecture:          x86_64
16-Jul-2018 21:22:11.610 INFO [main] org.apache.catalina.startup.VersionLoggerListener.log Java Home:             /Library/Java/JavaVirtualMachines/jdk1.8.0_172.jdk/Contents/Home/jre
16-Jul-2018 21:22:11.610 INFO [main] org.apache.catalina.startup.VersionLoggerListener.log JVM Version:           1.8.0_172-b11
16-Jul-2018 21:22:11.611 INFO [main] org.apache.catalina.startup.VersionLoggerListener.log JVM Vendor:            Oracle Corporation
16-Jul-2018 21:22:11.611 INFO [main] org.apache.catalina.startup.VersionLoggerListener.log CATALINA_BASE:         /Users/stevenho/Documents/workspace/philosophy/apache-tomcat-9.0.10
16-Jul-2018 21:22:11.611 INFO [main] org.apache.catalina.startup.VersionLoggerListener.log CATALINA_HOME:         /Users/stevenho/Documents/workspace/philosophy/apache-tomcat-9.0.10
16-Jul-2018 21:22:11.611 INFO [main] org.apache.catalina.startup.VersionLoggerListener.log Command line argument: -Djava.util.logging.config.file=/Users/stevenho/Documents/workspace/philosophy/apache-tomcat-9.0.10/conf/logging.properties
16-Jul-2018 21:22:11.612 INFO [main] org.apache.catalina.startup.VersionLoggerListener.log Command line argument: -Djava.util.logging.manager=org.apache.juli.ClassLoaderLogManager
16-Jul-2018 21:22:11.612 INFO [main] org.apache.catalina.startup.VersionLoggerListener.log Command line argument: -Djdk.tls.ephemeralDHKeySize=2048
16-Jul-2018 21:22:11.612 INFO [main] org.apache.catalina.startup.VersionLoggerListener.log Command line argument: -Djava.protocol.handler.pkgs=org.apache.catalina.webresources
16-Jul-2018 21:22:11.612 INFO [main] org.apache.catalina.startup.VersionLoggerListener.log Command line argument: -Dorg.apache.catalina.security.SecurityListener.UMASK=0027
16-Jul-2018 21:22:11.612 INFO [main] org.apache.catalina.startup.VersionLoggerListener.log Command line argument: -Dignore.endorsed.dirs=
16-Jul-2018 21:22:11.613 INFO [main] org.apache.catalina.startup.VersionLoggerListener.log Command line argument: -Dcatalina.base=/Users/stevenho/Documents/workspace/philosophy/apache-tomcat-9.0.10
16-Jul-2018 21:22:11.613 INFO [main] org.apache.catalina.startup.VersionLoggerListener.log Command line argument: -Dcatalina.home=/Users/stevenho/Documents/workspace/philosophy/apache-tomcat-9.0.10
16-Jul-2018 21:22:11.613 INFO [main] org.apache.catalina.startup.VersionLoggerListener.log Command line argument: -Djava.io.tmpdir=/Users/stevenho/Documents/workspace/philosophy/apache-tomcat-9.0.10/temp
16-Jul-2018 21:22:11.613 INFO [main] org.apache.catalina.core.AprLifecycleListener.lifecycleEvent The APR based Apache Tomcat Native library which allows optimal performance in production environments was not found on the java.library.path: [/Users/stevenho/Library/Java/Extensions:/Library/Java/Extensions:/Network/Library/Java/Extensions:/System/Library/Java/Extensions:/usr/lib/java:.]
16-Jul-2018 21:22:11.801 INFO [main] org.apache.coyote.AbstractProtocol.init Initializing ProtocolHandler ["http-nio-8080"]
16-Jul-2018 21:22:11.814 INFO [main] org.apache.tomcat.util.net.NioSelectorPool.getSharedSelector Using a shared selector for servlet write/read
16-Jul-2018 21:22:11.822 INFO [main] org.apache.coyote.AbstractProtocol.init Initializing ProtocolHandler ["ajp-nio-8009"]
16-Jul-2018 21:22:11.823 INFO [main] org.apache.tomcat.util.net.NioSelectorPool.getSharedSelector Using a shared selector for servlet write/read
16-Jul-2018 21:22:11.823 INFO [main] org.apache.catalina.startup.Catalina.load Initialization processed in 643 ms
16-Jul-2018 21:22:11.854 INFO [main] org.apache.catalina.core.StandardService.startInternal Starting service [Catalina]
16-Jul-2018 21:22:11.854 INFO [main] org.apache.catalina.core.StandardEngine.startInternal Starting Servlet Engine: Apache Tomcat/9.0.10
16-Jul-2018 21:22:11.887 INFO [main] org.apache.catalina.startup.HostConfig.deployWAR Deploying web application archive [/Users/stevenho/Documents/workspace/philosophy/apache-tomcat-9.0.10/webapps/philosophy.war]
16-Jul-2018 21:22:12.777 INFO [main] org.apache.jasper.servlet.TldScanner.scanJars At least one JAR was scanned for TLDs yet contained no TLDs. Enable debug logging for this logger for a complete list of JARs that were scanned but no TLDs were found in them. Skipping unneeded JARs during scanning can improve startup time and JSP compilation time.
SERVER INIT
16-Jul-2018 21:22:13.827 INFO [main] org.apache.catalina.startup.HostConfig.deployWAR Deployment of web application archive [/Users/stevenho/Documents/workspace/philosophy/apache-tomcat-9.0.10/webapps/philosophy.war] has finished in [1,941] ms
16-Jul-2018 21:22:13.828 INFO [main] org.apache.catalina.startup.HostConfig.deployDirectory Deploying web application directory [/Users/stevenho/Documents/workspace/philosophy/apache-tomcat-9.0.10/webapps/docs]
16-Jul-2018 21:22:13.847 INFO [main] org.apache.catalina.startup.HostConfig.deployDirectory Deployment of web application directory [/Users/stevenho/Documents/workspace/philosophy/apache-tomcat-9.0.10/webapps/docs] has finished in [18] ms
16-Jul-2018 21:22:13.847 INFO [main] org.apache.catalina.startup.HostConfig.deployDirectory Deploying web application directory [/Users/stevenho/Documents/workspace/philosophy/apache-tomcat-9.0.10/webapps/examples]
16-Jul-2018 21:22:14.897 INFO [main] org.apache.catalina.startup.HostConfig.deployDirectory Deployment of web application directory [/Users/stevenho/Documents/workspace/philosophy/apache-tomcat-9.0.10/webapps/examples] has finished in [1,050] ms
16-Jul-2018 21:22:14.898 INFO [main] org.apache.catalina.startup.HostConfig.deployDirectory Deploying web application directory [/Users/stevenho/Documents/workspace/philosophy/apache-tomcat-9.0.10/webapps/host-manager]
16-Jul-2018 21:22:15.066 INFO [main] org.apache.catalina.startup.HostConfig.deployDirectory Deployment of web application directory [/Users/stevenho/Documents/workspace/philosophy/apache-tomcat-9.0.10/webapps/host-manager] has finished in [167] ms
16-Jul-2018 21:22:15.072 INFO [main] org.apache.catalina.startup.HostConfig.deployDirectory Deploying web application directory [/Users/stevenho/Documents/workspace/philosophy/apache-tomcat-9.0.10/webapps/manager]
16-Jul-2018 21:22:15.163 INFO [main] org.apache.catalina.startup.HostConfig.deployDirectory Deployment of web application directory [/Users/stevenho/Documents/workspace/philosophy/apache-tomcat-9.0.10/webapps/manager] has finished in [91] ms
16-Jul-2018 21:22:15.163 INFO [main] org.apache.catalina.startup.HostConfig.deployDirectory Deploying web application directory [/Users/stevenho/Documents/workspace/philosophy/apache-tomcat-9.0.10/webapps/ROOT]
16-Jul-2018 21:22:15.243 INFO [main] org.apache.catalina.startup.HostConfig.deployDirectory Deployment of web application directory [/Users/stevenho/Documents/workspace/philosophy/apache-tomcat-9.0.10/webapps/ROOT] has finished in [80] ms
16-Jul-2018 21:22:15.253 INFO [main] org.apache.coyote.AbstractProtocol.start Starting ProtocolHandler ["http-nio-8080"]
16-Jul-2018 21:22:15.283 INFO [main] org.apache.coyote.AbstractProtocol.start Starting ProtocolHandler ["ajp-nio-8009"]
16-Jul-2018 21:22:15.292 INFO [main] org.apache.catalina.startup.Catalina.start Server startup in 3467 ms
